0 info it worked if it ends with ok
1 verbose cli [ '/usr/bin/node', '/usr/bin/npm', 'install' ]
2 info using npm@1.4.28
3 info using node@v0.10.33
4 verbose node symlink /usr/bin/node
5 verbose readDependencies using package.json deps
6 verbose install where, deps [ '/home/faradey/SimplexMobile',
6 verbose install   [ 'jquery',
6 verbose install     'lodash',
6 verbose install     'bootstrap',
6 verbose install     'react',
6 verbose install     'react-bootstrap',
6 verbose install     'react-tap-event-plugin',
6 verbose install     'react-hot-loader',
6 verbose install     'css-loader',
6 verbose install     'jshint-loader',
6 verbose install     'json-loader',
6 verbose install     'jsx-loader',
6 verbose install     'less-loader',
6 verbose install     'style-loader',
6 verbose install     'traceur-loader',
6 verbose install     'url-loader',
6 verbose install     'webpack' ] ]
7 info preinstall SimplexMobile@0.0.1
8 verbose readDependencies using package.json deps
9 verbose cache add [ 'jquery@*', null ]
10 verbose cache add name=undefined spec="jquery@*" args=["jquery@*",null]
11 verbose parsed url { protocol: null,
11 verbose parsed url   slashes: null,
11 verbose parsed url   auth: null,
11 verbose parsed url   host: null,
11 verbose parsed url   port: null,
11 verbose parsed url   hostname: null,
11 verbose parsed url   hash: null,
11 verbose parsed url   search: null,
11 verbose parsed url   query: null,
11 verbose parsed url   pathname: 'jquery@*',
11 verbose parsed url   path: 'jquery@*',
11 verbose parsed url   href: 'jquery@*' }
12 verbose cache add [ 'lodash@*', null ]
13 verbose cache add name=undefined spec="lodash@*" args=["lodash@*",null]
14 verbose parsed url { protocol: null,
14 verbose parsed url   slashes: null,
14 verbose parsed url   auth: null,
14 verbose parsed url   host: null,
14 verbose parsed url   port: null,
14 verbose parsed url   hostname: null,
14 verbose parsed url   hash: null,
14 verbose parsed url   search: null,
14 verbose parsed url   query: null,
14 verbose parsed url   pathname: 'lodash@*',
14 verbose parsed url   path: 'lodash@*',
14 verbose parsed url   href: 'lodash@*' }
15 verbose cache add [ 'bootstrap@*', null ]
16 verbose cache add name=undefined spec="bootstrap@*" args=["bootstrap@*",null]
17 verbose parsed url { protocol: null,
17 verbose parsed url   slashes: null,
17 verbose parsed url   auth: null,
17 verbose parsed url   host: null,
17 verbose parsed url   port: null,
17 verbose parsed url   hostname: null,
17 verbose parsed url   hash: null,
17 verbose parsed url   search: null,
17 verbose parsed url   query: null,
17 verbose parsed url   pathname: 'bootstrap@*',
17 verbose parsed url   path: 'bootstrap@*',
17 verbose parsed url   href: 'bootstrap@*' }
18 verbose cache add [ 'react@*', null ]
19 verbose cache add name=undefined spec="react@*" args=["react@*",null]
20 verbose parsed url { protocol: null,
20 verbose parsed url   slashes: null,
20 verbose parsed url   auth: null,
20 verbose parsed url   host: null,
20 verbose parsed url   port: null,
20 verbose parsed url   hostname: null,
20 verbose parsed url   hash: null,
20 verbose parsed url   search: null,
20 verbose parsed url   query: null,
20 verbose parsed url   pathname: 'react@*',
20 verbose parsed url   path: 'react@*',
20 verbose parsed url   href: 'react@*' }
21 verbose cache add [ 'react-bootstrap@*', null ]
22 verbose cache add name=undefined spec="react-bootstrap@*" args=["react-bootstrap@*",null]
23 verbose parsed url { protocol: null,
23 verbose parsed url   slashes: null,
23 verbose parsed url   auth: null,
23 verbose parsed url   host: null,
23 verbose parsed url   port: null,
23 verbose parsed url   hostname: null,
23 verbose parsed url   hash: null,
23 verbose parsed url   search: null,
23 verbose parsed url   query: null,
23 verbose parsed url   pathname: 'react-bootstrap@*',
23 verbose parsed url   path: 'react-bootstrap@*',
23 verbose parsed url   href: 'react-bootstrap@*' }
24 verbose cache add [ 'react-tap-event-plugin@*', null ]
25 verbose cache add name=undefined spec="react-tap-event-plugin@*" args=["react-tap-event-plugin@*",null]
26 verbose parsed url { protocol: null,
26 verbose parsed url   slashes: null,
26 verbose parsed url   auth: null,
26 verbose parsed url   host: null,
26 verbose parsed url   port: null,
26 verbose parsed url   hostname: null,
26 verbose parsed url   hash: null,
26 verbose parsed url   search: null,
26 verbose parsed url   query: null,
26 verbose parsed url   pathname: 'react-tap-event-plugin@*',
26 verbose parsed url   path: 'react-tap-event-plugin@*',
26 verbose parsed url   href: 'react-tap-event-plugin@*' }
27 verbose cache add name="jquery" spec="*" args=["jquery","*"]
28 verbose parsed url { protocol: null,
28 verbose parsed url   slashes: null,
28 verbose parsed url   auth: null,
28 verbose parsed url   host: null,
28 verbose parsed url   port: null,
28 verbose parsed url   hostname: null,
28 verbose parsed url   hash: null,
28 verbose parsed url   search: null,
28 verbose parsed url   query: null,
28 verbose parsed url   pathname: '*',
28 verbose parsed url   path: '*',
28 verbose parsed url   href: '*' }
29 verbose addNamed [ 'jquery', '*' ]
30 verbose addNamed [ null, '*' ]
31 verbose cache add name="lodash" spec="*" args=["lodash","*"]
32 verbose parsed url { protocol: null,
32 verbose parsed url   slashes: null,
32 verbose parsed url   auth: null,
32 verbose parsed url   host: null,
32 verbose parsed url   port: null,
32 verbose parsed url   hostname: null,
32 verbose parsed url   hash: null,
32 verbose parsed url   search: null,
32 verbose parsed url   query: null,
32 verbose parsed url   pathname: '*',
32 verbose parsed url   path: '*',
32 verbose parsed url   href: '*' }
33 verbose addNamed [ 'lodash', '*' ]
34 verbose addNamed [ null, '*' ]
35 verbose cache add name="bootstrap" spec="*" args=["bootstrap","*"]
36 verbose parsed url { protocol: null,
36 verbose parsed url   slashes: null,
36 verbose parsed url   auth: null,
36 verbose parsed url   host: null,
36 verbose parsed url   port: null,
36 verbose parsed url   hostname: null,
36 verbose parsed url   hash: null,
36 verbose parsed url   search: null,
36 verbose parsed url   query: null,
36 verbose parsed url   pathname: '*',
36 verbose parsed url   path: '*',
36 verbose parsed url   href: '*' }
37 verbose addNamed [ 'bootstrap', '*' ]
38 verbose addNamed [ null, '*' ]
39 verbose cache add name="react" spec="*" args=["react","*"]
40 verbose parsed url { protocol: null,
40 verbose parsed url   slashes: null,
40 verbose parsed url   auth: null,
40 verbose parsed url   host: null,
40 verbose parsed url   port: null,
40 verbose parsed url   hostname: null,
40 verbose parsed url   hash: null,
40 verbose parsed url   search: null,
40 verbose parsed url   query: null,
40 verbose parsed url   pathname: '*',
40 verbose parsed url   path: '*',
40 verbose parsed url   href: '*' }
41 verbose addNamed [ 'react', '*' ]
42 verbose addNamed [ null, '*' ]
43 verbose cache add name="react-bootstrap" spec="*" args=["react-bootstrap","*"]
44 verbose parsed url { protocol: null,
44 verbose parsed url   slashes: null,
44 verbose parsed url   auth: null,
44 verbose parsed url   host: null,
44 verbose parsed url   port: null,
44 verbose parsed url   hostname: null,
44 verbose parsed url   hash: null,
44 verbose parsed url   search: null,
44 verbose parsed url   query: null,
44 verbose parsed url   pathname: '*',
44 verbose parsed url   path: '*',
44 verbose parsed url   href: '*' }
45 verbose addNamed [ 'react-bootstrap', '*' ]
46 verbose addNamed [ null, '*' ]
47 verbose cache add [ 'react-hot-loader@*', null ]
48 verbose cache add name=undefined spec="react-hot-loader@*" args=["react-hot-loader@*",null]
49 verbose parsed url { protocol: null,
49 verbose parsed url   slashes: null,
49 verbose parsed url   auth: null,
49 verbose parsed url   host: null,
49 verbose parsed url   port: null,
49 verbose parsed url   hostname: null,
49 verbose parsed url   hash: null,
49 verbose parsed url   search: null,
49 verbose parsed url   query: null,
49 verbose parsed url   pathname: 'react-hot-loader@*',
49 verbose parsed url   path: 'react-hot-loader@*',
49 verbose parsed url   href: 'react-hot-loader@*' }
50 verbose cache add [ 'css-loader@*', null ]
51 verbose cache add name=undefined spec="css-loader@*" args=["css-loader@*",null]
52 verbose parsed url { protocol: null,
52 verbose parsed url   slashes: null,
52 verbose parsed url   auth: null,
52 verbose parsed url   host: null,
52 verbose parsed url   port: null,
52 verbose parsed url   hostname: null,
52 verbose parsed url   hash: null,
52 verbose parsed url   search: null,
52 verbose parsed url   query: null,
52 verbose parsed url   pathname: 'css-loader@*',
52 verbose parsed url   path: 'css-loader@*',
52 verbose parsed url   href: 'css-loader@*' }
53 verbose cache add [ 'jshint-loader@*', null ]
54 verbose cache add name=undefined spec="jshint-loader@*" args=["jshint-loader@*",null]
55 verbose parsed url { protocol: null,
55 verbose parsed url   slashes: null,
55 verbose parsed url   auth: null,
55 verbose parsed url   host: null,
55 verbose parsed url   port: null,
55 verbose parsed url   hostname: null,
55 verbose parsed url   hash: null,
55 verbose parsed url   search: null,
55 verbose parsed url   query: null,
55 verbose parsed url   pathname: 'jshint-loader@*',
55 verbose parsed url   path: 'jshint-loader@*',
55 verbose parsed url   href: 'jshint-loader@*' }
56 verbose cache add [ 'json-loader@*', null ]
57 verbose cache add name=undefined spec="json-loader@*" args=["json-loader@*",null]
58 verbose parsed url { protocol: null,
58 verbose parsed url   slashes: null,
58 verbose parsed url   auth: null,
58 verbose parsed url   host: null,
58 verbose parsed url   port: null,
58 verbose parsed url   hostname: null,
58 verbose parsed url   hash: null,
58 verbose parsed url   search: null,
58 verbose parsed url   query: null,
58 verbose parsed url   pathname: 'json-loader@*',
58 verbose parsed url   path: 'json-loader@*',
58 verbose parsed url   href: 'json-loader@*' }
59 verbose cache add name="react-tap-event-plugin" spec="*" args=["react-tap-event-plugin","*"]
60 verbose parsed url { protocol: null,
60 verbose parsed url   slashes: null,
60 verbose parsed url   auth: null,
60 verbose parsed url   host: null,
60 verbose parsed url   port: null,
60 verbose parsed url   hostname: null,
60 verbose parsed url   hash: null,
60 verbose parsed url   search: null,
60 verbose parsed url   query: null,
60 verbose parsed url   pathname: '*',
60 verbose parsed url   path: '*',
60 verbose parsed url   href: '*' }
61 verbose addNamed [ 'react-tap-event-plugin', '*' ]
62 verbose addNamed [ null, '*' ]
63 silly lockFile 940b64bc-jquery jquery@*
64 verbose lock jquery@* /home/faradey/.npm/940b64bc-jquery.lock
65 silly lockFile 15f92fc8-lodash lodash@*
66 verbose lock lodash@* /home/faradey/.npm/15f92fc8-lodash.lock
67 silly lockFile e4afd69d-bootstrap bootstrap@*
68 verbose lock bootstrap@* /home/faradey/.npm/e4afd69d-bootstrap.lock
69 silly lockFile 7369d070-react react@*
70 verbose lock react@* /home/faradey/.npm/7369d070-react.lock
71 silly lockFile 050de30a-react-bootstrap react-bootstrap@*
72 verbose lock react-bootstrap@* /home/faradey/.npm/050de30a-react-bootstrap.lock
73 silly lockFile a2db9ff9-react-tap-event-plugin react-tap-event-plugin@*
74 verbose lock react-tap-event-plugin@* /home/faradey/.npm/a2db9ff9-react-tap-event-plugin.lock
75 verbose cache add name="react-hot-loader" spec="*" args=["react-hot-loader","*"]
76 verbose parsed url { protocol: null,
76 verbose parsed url   slashes: null,
76 verbose parsed url   auth: null,
76 verbose parsed url   host: null,
76 verbose parsed url   port: null,
76 verbose parsed url   hostname: null,
76 verbose parsed url   hash: null,
76 verbose parsed url   search: null,
76 verbose parsed url   query: null,
76 verbose parsed url   pathname: '*',
76 verbose parsed url   path: '*',
76 verbose parsed url   href: '*' }
77 verbose addNamed [ 'react-hot-loader', '*' ]
78 verbose addNamed [ null, '*' ]
79 silly lockFile a48518e8-react-hot-loader react-hot-loader@*
80 verbose lock react-hot-loader@* /home/faradey/.npm/a48518e8-react-hot-loader.lock
81 verbose cache add name="css-loader" spec="*" args=["css-loader","*"]
82 verbose parsed url { protocol: null,
82 verbose parsed url   slashes: null,
82 verbose parsed url   auth: null,
82 verbose parsed url   host: null,
82 verbose parsed url   port: null,
82 verbose parsed url   hostname: null,
82 verbose parsed url   hash: null,
82 verbose parsed url   search: null,
82 verbose parsed url   query: null,
82 verbose parsed url   pathname: '*',
82 verbose parsed url   path: '*',
82 verbose parsed url   href: '*' }
83 verbose addNamed [ 'css-loader', '*' ]
84 verbose addNamed [ null, '*' ]
85 silly lockFile f7a47082-css-loader css-loader@*
86 verbose lock css-loader@* /home/faradey/.npm/f7a47082-css-loader.lock
87 verbose cache add [ 'jsx-loader@*', null ]
88 verbose cache add name=undefined spec="jsx-loader@*" args=["jsx-loader@*",null]
89 verbose parsed url { protocol: null,
89 verbose parsed url   slashes: null,
89 verbose parsed url   auth: null,
89 verbose parsed url   host: null,
89 verbose parsed url   port: null,
89 verbose parsed url   hostname: null,
89 verbose parsed url   hash: null,
89 verbose parsed url   search: null,
89 verbose parsed url   query: null,
89 verbose parsed url   pathname: 'jsx-loader@*',
89 verbose parsed url   path: 'jsx-loader@*',
89 verbose parsed url   href: 'jsx-loader@*' }
90 verbose cache add [ 'less-loader@*', null ]
91 verbose cache add name=undefined spec="less-loader@*" args=["less-loader@*",null]
92 verbose parsed url { protocol: null,
92 verbose parsed url   slashes: null,
92 verbose parsed url   auth: null,
92 verbose parsed url   host: null,
92 verbose parsed url   port: null,
92 verbose parsed url   hostname: null,
92 verbose parsed url   hash: null,
92 verbose parsed url   search: null,
92 verbose parsed url   query: null,
92 verbose parsed url   pathname: 'less-loader@*',
92 verbose parsed url   path: 'less-loader@*',
92 verbose parsed url   href: 'less-loader@*' }
93 verbose cache add [ 'style-loader@*', null ]
94 verbose cache add name=undefined spec="style-loader@*" args=["style-loader@*",null]
95 verbose parsed url { protocol: null,
95 verbose parsed url   slashes: null,
95 verbose parsed url   auth: null,
95 verbose parsed url   host: null,
95 verbose parsed url   port: null,
95 verbose parsed url   hostname: null,
95 verbose parsed url   hash: null,
95 verbose parsed url   search: null,
95 verbose parsed url   query: null,
95 verbose parsed url   pathname: 'style-loader@*',
95 verbose parsed url   path: 'style-loader@*',
95 verbose parsed url   href: 'style-loader@*' }
96 verbose cache add [ 'traceur-loader@*', null ]
97 verbose cache add name=undefined spec="traceur-loader@*" args=["traceur-loader@*",null]
98 verbose parsed url { protocol: null,
98 verbose parsed url   slashes: null,
98 verbose parsed url   auth: null,
98 verbose parsed url   host: null,
98 verbose parsed url   port: null,
98 verbose parsed url   hostname: null,
98 verbose parsed url   hash: null,
98 verbose parsed url   search: null,
98 verbose parsed url   query: null,
98 verbose parsed url   pathname: 'traceur-loader@*',
98 verbose parsed url   path: 'traceur-loader@*',
98 verbose parsed url   href: 'traceur-loader@*' }
99 verbose cache add [ 'url-loader@*', null ]
100 verbose cache add name=undefined spec="url-loader@*" args=["url-loader@*",null]
101 verbose parsed url { protocol: null,
101 verbose parsed url   slashes: null,
101 verbose parsed url   auth: null,
101 verbose parsed url   host: null,
101 verbose parsed url   port: null,
101 verbose parsed url   hostname: null,
101 verbose parsed url   hash: null,
101 verbose parsed url   search: null,
101 verbose parsed url   query: null,
101 verbose parsed url   pathname: 'url-loader@*',
101 verbose parsed url   path: 'url-loader@*',
101 verbose parsed url   href: 'url-loader@*' }
102 verbose cache add [ 'webpack@*', null ]
103 verbose cache add name=undefined spec="webpack@*" args=["webpack@*",null]
104 verbose parsed url { protocol: null,
104 verbose parsed url   slashes: null,
104 verbose parsed url   auth: null,
104 verbose parsed url   host: null,
104 verbose parsed url   port: null,
104 verbose parsed url   hostname: null,
104 verbose parsed url   hash: null,
104 verbose parsed url   search: null,
104 verbose parsed url   query: null,
104 verbose parsed url   pathname: 'webpack@*',
104 verbose parsed url   path: 'webpack@*',
104 verbose parsed url   href: 'webpack@*' }
105 verbose cache add name="jshint-loader" spec="*" args=["jshint-loader","*"]
106 verbose parsed url { protocol: null,
106 verbose parsed url   slashes: null,
106 verbose parsed url   auth: null,
106 verbose parsed url   host: null,
106 verbose parsed url   port: null,
106 verbose parsed url   hostname: null,
106 verbose parsed url   hash: null,
106 verbose parsed url   search: null,
106 verbose parsed url   query: null,
106 verbose parsed url   pathname: '*',
106 verbose parsed url   path: '*',
106 verbose parsed url   href: '*' }
107 verbose addNamed [ 'jshint-loader', '*' ]
108 verbose addNamed [ null, '*' ]
109 silly lockFile be917aa1-jshint-loader jshint-loader@*
110 verbose lock jshint-loader@* /home/faradey/.npm/be917aa1-jshint-loader.lock
111 verbose cache add name="json-loader" spec="*" args=["json-loader","*"]
112 verbose parsed url { protocol: null,
112 verbose parsed url   slashes: null,
112 verbose parsed url   auth: null,
112 verbose parsed url   host: null,
112 verbose parsed url   port: null,
112 verbose parsed url   hostname: null,
112 verbose parsed url   hash: null,
112 verbose parsed url   search: null,
112 verbose parsed url   query: null,
112 verbose parsed url   pathname: '*',
112 verbose parsed url   path: '*',
112 verbose parsed url   href: '*' }
113 verbose addNamed [ 'json-loader', '*' ]
114 verbose addNamed [ null, '*' ]
115 silly lockFile 01717976-json-loader json-loader@*
116 verbose lock json-loader@* /home/faradey/.npm/01717976-json-loader.lock
117 verbose cache add name="jsx-loader" spec="*" args=["jsx-loader","*"]
118 verbose parsed url { protocol: null,
118 verbose parsed url   slashes: null,
118 verbose parsed url   auth: null,
118 verbose parsed url   host: null,
118 verbose parsed url   port: null,
118 verbose parsed url   hostname: null,
118 verbose parsed url   hash: null,
118 verbose parsed url   search: null,
118 verbose parsed url   query: null,
118 verbose parsed url   pathname: '*',
118 verbose parsed url   path: '*',
118 verbose parsed url   href: '*' }
119 verbose addNamed [ 'jsx-loader', '*' ]
120 verbose addNamed [ null, '*' ]
121 silly lockFile 82363f6f-jsx-loader jsx-loader@*
122 verbose lock jsx-loader@* /home/faradey/.npm/82363f6f-jsx-loader.lock
123 verbose cache add name="less-loader" spec="*" args=["less-loader","*"]
124 verbose parsed url { protocol: null,
124 verbose parsed url   slashes: null,
124 verbose parsed url   auth: null,
124 verbose parsed url   host: null,
124 verbose parsed url   port: null,
124 verbose parsed url   hostname: null,
124 verbose parsed url   hash: null,
124 verbose parsed url   search: null,
124 verbose parsed url   query: null,
124 verbose parsed url   pathname: '*',
124 verbose parsed url   path: '*',
124 verbose parsed url   href: '*' }
125 verbose addNamed [ 'less-loader', '*' ]
126 verbose addNamed [ null, '*' ]
127 silly lockFile 8241ea1d-less-loader less-loader@*
128 verbose lock less-loader@* /home/faradey/.npm/8241ea1d-less-loader.lock
129 verbose cache add name="style-loader" spec="*" args=["style-loader","*"]
130 verbose parsed url { protocol: null,
130 verbose parsed url   slashes: null,
130 verbose parsed url   auth: null,
130 verbose parsed url   host: null,
130 verbose parsed url   port: null,
130 verbose parsed url   hostname: null,
130 verbose parsed url   hash: null,
130 verbose parsed url   search: null,
130 verbose parsed url   query: null,
130 verbose parsed url   pathname: '*',
130 verbose parsed url   path: '*',
130 verbose parsed url   href: '*' }
131 verbose addNamed [ 'style-loader', '*' ]
132 verbose addNamed [ null, '*' ]
133 silly lockFile ec39a7ec-style-loader style-loader@*
134 verbose lock style-loader@* /home/faradey/.npm/ec39a7ec-style-loader.lock
135 verbose cache add name="traceur-loader" spec="*" args=["traceur-loader","*"]
136 verbose parsed url { protocol: null,
136 verbose parsed url   slashes: null,
136 verbose parsed url   auth: null,
136 verbose parsed url   host: null,
136 verbose parsed url   port: null,
136 verbose parsed url   hostname: null,
136 verbose parsed url   hash: null,
136 verbose parsed url   search: null,
136 verbose parsed url   query: null,
136 verbose parsed url   pathname: '*',
136 verbose parsed url   path: '*',
136 verbose parsed url   href: '*' }
137 verbose addNamed [ 'traceur-loader', '*' ]
138 verbose addNamed [ null, '*' ]
139 silly lockFile 70e2f6e7-traceur-loader traceur-loader@*
140 verbose lock traceur-loader@* /home/faradey/.npm/70e2f6e7-traceur-loader.lock
141 verbose cache add name="url-loader" spec="*" args=["url-loader","*"]
142 verbose parsed url { protocol: null,
142 verbose parsed url   slashes: null,
142 verbose parsed url   auth: null,
142 verbose parsed url   host: null,
142 verbose parsed url   port: null,
142 verbose parsed url   hostname: null,
142 verbose parsed url   hash: null,
142 verbose parsed url   search: null,
142 verbose parsed url   query: null,
142 verbose parsed url   pathname: '*',
142 verbose parsed url   path: '*',
142 verbose parsed url   href: '*' }
143 verbose addNamed [ 'url-loader', '*' ]
144 verbose addNamed [ null, '*' ]
145 silly lockFile b34da0cb-url-loader url-loader@*
146 verbose lock url-loader@* /home/faradey/.npm/b34da0cb-url-loader.lock
147 verbose cache add name="webpack" spec="*" args=["webpack","*"]
148 verbose parsed url { protocol: null,
148 verbose parsed url   slashes: null,
148 verbose parsed url   auth: null,
148 verbose parsed url   host: null,
148 verbose parsed url   port: null,
148 verbose parsed url   hostname: null,
148 verbose parsed url   hash: null,
148 verbose parsed url   search: null,
148 verbose parsed url   query: null,
148 verbose parsed url   pathname: '*',
148 verbose parsed url   path: '*',
148 verbose parsed url   href: '*' }
149 verbose addNamed [ 'webpack', '*' ]
150 verbose addNamed [ null, '*' ]
151 silly lockFile 75967bf4-webpack webpack@*
152 verbose lock webpack@* /home/faradey/.npm/75967bf4-webpack.lock
153 silly addNameRange { name: 'jquery', range: '*', hasData: false }
154 silly addNameRange { name: 'react-tap-event-plugin', range: '*', hasData: false }
155 silly addNameRange { name: 'lodash', range: '*', hasData: false }
156 silly addNameRange { name: 'css-loader', range: '*', hasData: false }
157 silly addNameRange { name: 'react-bootstrap', range: '*', hasData: false }
158 silly addNameRange { name: 'bootstrap', range: '*', hasData: false }
159 silly addNameRange { name: 'react', range: '*', hasData: false }
160 silly addNameRange { name: 'json-loader', range: '*', hasData: false }
161 silly addNameRange { name: 'react-hot-loader', range: '*', hasData: false }
162 silly addNameRange { name: 'jsx-loader', range: '*', hasData: false }
163 silly addNameRange { name: 'style-loader', range: '*', hasData: false }
164 silly addNameRange { name: 'traceur-loader', range: '*', hasData: false }
165 silly addNameRange { name: 'url-loader', range: '*', hasData: false }
166 silly addNameRange { name: 'webpack', range: '*', hasData: false }
167 silly addNameRange { name: 'jshint-loader', range: '*', hasData: false }
168 silly addNameRange { name: 'less-loader', range: '*', hasData: false }
169 verbose request where is /jquery
170 verbose request registry https://registry.npmjs.org/
171 verbose request id 182667a2bd5d4769
172 verbose url raw /jquery
173 verbose url resolving [ 'https://registry.npmjs.org/', './jquery' ]
174 verbose url resolved https://registry.npmjs.org/jquery
175 verbose request where is https://registry.npmjs.org/jquery
176 info trying registry request attempt 1 at 23:25:13
177 verbose etag "48375RKVOEPC9F6U1Q2ND4G2N"
178 http GET https://registry.npmjs.org/jquery
179 verbose request where is /react-tap-event-plugin
180 verbose request registry https://registry.npmjs.org/
181 verbose url raw /react-tap-event-plugin
182 verbose url resolving [ 'https://registry.npmjs.org/', './react-tap-event-plugin' ]
183 verbose url resolved https://registry.npmjs.org/react-tap-event-plugin
184 verbose request where is https://registry.npmjs.org/react-tap-event-plugin
185 info trying registry request attempt 1 at 23:25:13
186 verbose etag "2EU9CD6J41SXOXQSJ5Y3ONGMC"
187 http GET https://registry.npmjs.org/react-tap-event-plugin
188 verbose request where is /json-loader
189 verbose request registry https://registry.npmjs.org/
190 verbose url raw /json-loader
191 verbose url resolving [ 'https://registry.npmjs.org/', './json-loader' ]
192 verbose url resolved https://registry.npmjs.org/json-loader
193 verbose request where is https://registry.npmjs.org/json-loader
194 info trying registry request attempt 1 at 23:25:13
195 verbose etag "41JT05NHOHNU346IZTK5D52WW"
196 http GET https://registry.npmjs.org/json-loader
197 verbose request where is /css-loader
198 verbose request registry https://registry.npmjs.org/
199 verbose url raw /css-loader
200 verbose url resolving [ 'https://registry.npmjs.org/', './css-loader' ]
201 verbose url resolved https://registry.npmjs.org/css-loader
202 verbose request where is https://registry.npmjs.org/css-loader
203 info trying registry request attempt 1 at 23:25:13
204 verbose etag "7POHF9934G1UNXJ8K0796KHQR"
205 http GET https://registry.npmjs.org/css-loader
206 verbose request where is /react
207 verbose request registry https://registry.npmjs.org/
208 verbose url raw /react
209 verbose url resolving [ 'https://registry.npmjs.org/', './react' ]
210 verbose url resolved https://registry.npmjs.org/react
211 verbose request where is https://registry.npmjs.org/react
212 info trying registry request attempt 1 at 23:25:13
213 verbose etag "E9ATFVVBG9XX1ZKU6P6XTGS2W"
214 http GET https://registry.npmjs.org/react
215 verbose request where is /bootstrap
216 verbose request registry https://registry.npmjs.org/
217 verbose url raw /bootstrap
218 verbose url resolving [ 'https://registry.npmjs.org/', './bootstrap' ]
219 verbose url resolved https://registry.npmjs.org/bootstrap
220 verbose request where is https://registry.npmjs.org/bootstrap
221 info trying registry request attempt 1 at 23:25:13
222 verbose etag "BPGXAVE12DML7YTJGGUIFA681"
223 http GET https://registry.npmjs.org/bootstrap
224 verbose request where is /react-bootstrap
225 verbose request registry https://registry.npmjs.org/
226 verbose url raw /react-bootstrap
227 verbose url resolving [ 'https://registry.npmjs.org/', './react-bootstrap' ]
228 verbose url resolved https://registry.npmjs.org/react-bootstrap
229 verbose request where is https://registry.npmjs.org/react-bootstrap
230 info trying registry request attempt 1 at 23:25:13
231 verbose etag "EOZY5VGH8DQDPQI9ZLAWO1UVM"
232 http GET https://registry.npmjs.org/react-bootstrap
233 verbose request where is /style-loader
234 verbose request registry https://registry.npmjs.org/
235 verbose url raw /style-loader
236 verbose url resolving [ 'https://registry.npmjs.org/', './style-loader' ]
237 verbose url resolved https://registry.npmjs.org/style-loader
238 verbose request where is https://registry.npmjs.org/style-loader
239 info trying registry request attempt 1 at 23:25:13
240 verbose etag "6GFXBL41MMU2VEAGXVM8610OC"
241 http GET https://registry.npmjs.org/style-loader
242 verbose request where is /traceur-loader
243 verbose request registry https://registry.npmjs.org/
244 verbose url raw /traceur-loader
245 verbose url resolving [ 'https://registry.npmjs.org/', './traceur-loader' ]
246 verbose url resolved https://registry.npmjs.org/traceur-loader
247 verbose request where is https://registry.npmjs.org/traceur-loader
248 info trying registry request attempt 1 at 23:25:13
249 verbose etag "QZLX10MW5K75NDSOCNO3ZA74"
250 http GET https://registry.npmjs.org/traceur-loader
251 verbose request where is /react-hot-loader
252 verbose request registry https://registry.npmjs.org/
253 verbose url raw /react-hot-loader
254 verbose url resolving [ 'https://registry.npmjs.org/', './react-hot-loader' ]
255 verbose url resolved https://registry.npmjs.org/react-hot-loader
256 verbose request where is https://registry.npmjs.org/react-hot-loader
257 info trying registry request attempt 1 at 23:25:13
258 verbose etag "D6IX2TBLF4PZHLOAV29V2XJIH"
259 http GET https://registry.npmjs.org/react-hot-loader
260 verbose request where is /jshint-loader
261 verbose request registry https://registry.npmjs.org/
262 verbose url raw /jshint-loader
263 verbose url resolving [ 'https://registry.npmjs.org/', './jshint-loader' ]
264 verbose url resolved https://registry.npmjs.org/jshint-loader
265 verbose request where is https://registry.npmjs.org/jshint-loader
266 info trying registry request attempt 1 at 23:25:13
267 verbose etag "96KUSMYN81VG3ZQZK4LRHIMUB"
268 http GET https://registry.npmjs.org/jshint-loader
269 verbose request where is /jsx-loader
270 verbose request registry https://registry.npmjs.org/
271 verbose url raw /jsx-loader
272 verbose url resolving [ 'https://registry.npmjs.org/', './jsx-loader' ]
273 verbose url resolved https://registry.npmjs.org/jsx-loader
274 verbose request where is https://registry.npmjs.org/jsx-loader
275 info trying registry request attempt 1 at 23:25:13
276 verbose etag "3FSZOC8O8UBEL5N6CX87NTXMO"
277 http GET https://registry.npmjs.org/jsx-loader
278 verbose request where is /lodash
279 verbose request registry https://registry.npmjs.org/
280 verbose url raw /lodash
281 verbose url resolving [ 'https://registry.npmjs.org/', './lodash' ]
282 verbose url resolved https://registry.npmjs.org/lodash
283 verbose request where is https://registry.npmjs.org/lodash
284 info trying registry request attempt 1 at 23:25:13
285 verbose etag "4UM6TDP8FNG7XCMO5758PYZKY"
286 http GET https://registry.npmjs.org/lodash
287 verbose request where is /url-loader
288 verbose request registry https://registry.npmjs.org/
289 verbose url raw /url-loader
290 verbose url resolving [ 'https://registry.npmjs.org/', './url-loader' ]
291 verbose url resolved https://registry.npmjs.org/url-loader
292 verbose request where is https://registry.npmjs.org/url-loader
293 info trying registry request attempt 1 at 23:25:13
294 verbose etag "2J1R13L4T1E8E9246UMSTW4IM"
295 http GET https://registry.npmjs.org/url-loader
296 verbose request where is /webpack
297 verbose request registry https://registry.npmjs.org/
298 verbose url raw /webpack
299 verbose url resolving [ 'https://registry.npmjs.org/', './webpack' ]
300 verbose url resolved https://registry.npmjs.org/webpack
301 verbose request where is https://registry.npmjs.org/webpack
302 info trying registry request attempt 1 at 23:25:13
303 verbose etag "67BWFHZOHY51PB0SB6PNFOQ8D"
304 http GET https://registry.npmjs.org/webpack
305 verbose request where is /less-loader
306 verbose request registry https://registry.npmjs.org/
307 verbose url raw /less-loader
308 verbose url resolving [ 'https://registry.npmjs.org/', './less-loader' ]
309 verbose url resolved https://registry.npmjs.org/less-loader
310 verbose request where is https://registry.npmjs.org/less-loader
311 info trying registry request attempt 1 at 23:25:13
312 verbose etag "EK6N4RI31NKDL4MWY0FAADTAP"
313 http GET https://registry.npmjs.org/less-loader
314 http 200 https://registry.npmjs.org/react
315 silly registry.get cb [ 200,
315 silly registry.get   { date: 'Fri, 27 Feb 2015 21:25:14 GMT',
315 silly registry.get     server: 'CouchDB/1.5.0 (Erlang OTP/R16B03)',
315 silly registry.get     etag: '"7TWR84KKPHH9DJ1S56RRYEM0V"',
315 silly registry.get     'content-type': 'application/json',
315 silly registry.get     'cache-control': 'max-age=60',
315 silly registry.get     'content-length': '52246',
315 silly registry.get     'accept-ranges': 'bytes',
315 silly registry.get     via: '1.1 varnish',
315 silly registry.get     age: '16',
315 silly registry.get     'x-served-by': 'cache-fra1220-FRA',
315 silly registry.get     'x-cache': 'HIT',
315 silly registry.get     'x-cache-hits': '2',
315 silly registry.get     'x-timer': 'S1425072314.020272,VS0,VE0',
315 silly registry.get     vary: 'Accept',
315 silly registry.get     'keep-alive': 'timeout=10, max=50',
315 silly registry.get     connection: 'Keep-Alive' } ]
316 http 304 https://registry.npmjs.org/react-tap-event-plugin
317 silly registry.get cb [ 304,
317 silly registry.get   { date: 'Fri, 27 Feb 2015 21:25:14 GMT',
317 silly registry.get     server: 'Apache',
317 silly registry.get     via: '1.1 varnish',
317 silly registry.get     'last-modified': 'Fri, 27 Feb 2015 21:25:14 GMT',
317 silly registry.get     'cache-control': 'max-age=60',
317 silly registry.get     etag: '"2EU9CD6J41SXOXQSJ5Y3ONGMC"',
317 silly registry.get     age: '0',
317 silly registry.get     'x-served-by': 'cache-fra1250-FRA',
317 silly registry.get     'x-cache': 'MISS',
317 silly registry.get     'x-cache-hits': '0',
317 silly registry.get     'x-timer': 'S1425072314.019226,VS0,VE102',
317 silly registry.get     vary: 'Accept',
317 silly registry.get     'content-length': '0',
317 silly registry.get     'keep-alive': 'timeout=10, max=50',
317 silly registry.get     connection: 'Keep-Alive' } ]
318 verbose etag https://registry.npmjs.org/react-tap-event-plugin from cache
319 silly addNameRange number 2 { name: 'react', range: '*', hasData: true }
320 silly addNameRange versions [ 'react',
320 silly addNameRange   [ '0.0.1',
320 silly addNameRange     '0.0.2',
320 silly addNameRange     '0.0.3',
320 silly addNameRange     '0.1.2',
320 silly addNameRange     '0.2.0',
320 silly addNameRange     '0.2.1',
320 silly addNameRange     '0.2.2',
320 silly addNameRange     '0.2.3',
320 silly addNameRange     '0.2.4',
320 silly addNameRange     '0.2.5',
320 silly addNameRange     '0.2.6',
320 silly addNameRange     '0.3.0',
320 silly addNameRange     '0.3.4',
320 silly addNameRange     '0.3.5',
320 silly addNameRange     '0.5.0',
320 silly addNameRange     '0.5.1',
320 silly addNameRange     '0.5.2',
320 silly addNameRange     '0.6.0',
320 silly addNameRange     '0.6.1',
320 silly addNameRange     '0.6.2',
320 silly addNameRange     '0.6.3',
320 silly addNameRange     '0.7.0',
320 silly addNameRange     '0.7.1',
320 silly addNameRange     '0.8.0',
320 silly addNameRange     '0.9.0-rc1',
320 silly addNameRange     '0.9.0',
320 silly addNameRange     '0.10.0-rc1',
320 silly addNameRange     '0.10.0',
320 silly addNameRange     '0.11.0-rc1',
320 silly addNameRange     '0.11.0',
320 silly addNameRange     '0.11.1',
320 silly addNameRange     '0.11.2',
320 silly addNameRange     '0.12.0-rc1',
320 silly addNameRange     '0.12.0',
320 silly addNameRange     '0.12.1',
320 silly addNameRange     '0.12.2',
320 silly addNameRange     '0.13.0-alpha.1',
320 silly addNameRange     '0.13.0-alpha.2',
320 silly addNameRange     '0.13.0-beta.1',
320 silly addNameRange     '0.13.0-beta.2',
320 silly addNameRange     '0.13.0-rc1' ] ]
321 verbose addNamed [ 'react', '0.12.2' ]
322 verbose addNamed [ '0.12.2', '0.12.2' ]
323 silly lockFile 1f2cec02-react-0-12-2 react@0.12.2
324 verbose lock react@0.12.2 /home/faradey/.npm/1f2cec02-react-0-12-2.lock
325 silly addNameRange number 2 { name: 'react-tap-event-plugin', range: '*', hasData: true }
326 silly addNameRange versions [ 'react-tap-event-plugin',
326 silly addNameRange   [ '0.1.0', '0.1.1', '0.1.2', '0.1.3', '0.1.4' ] ]
327 verbose addNamed [ 'react-tap-event-plugin', '0.1.4' ]
328 verbose addNamed [ '0.1.4', '0.1.4' ]
329 silly lockFile 816284cf-react-tap-event-plugin-0-1-4 react-tap-event-plugin@0.1.4
330 verbose lock react-tap-event-plugin@0.1.4 /home/faradey/.npm/816284cf-react-tap-event-plugin-0-1-4.lock
331 silly lockFile 1f2cec02-react-0-12-2 react@0.12.2
332 silly lockFile 1f2cec02-react-0-12-2 react@0.12.2
333 silly lockFile 7369d070-react react@*
334 silly lockFile 7369d070-react react@*
335 silly lockFile 816284cf-react-tap-event-plugin-0-1-4 react-tap-event-plugin@0.1.4
336 silly lockFile 816284cf-react-tap-event-plugin-0-1-4 react-tap-event-plugin@0.1.4
337 silly lockFile a2db9ff9-react-tap-event-plugin react-tap-event-plugin@*
338 silly lockFile a2db9ff9-react-tap-event-plugin react-tap-event-plugin@*
339 http 304 https://registry.npmjs.org/json-loader
340 silly registry.get cb [ 304,
340 silly registry.get   { date: 'Fri, 27 Feb 2015 21:25:13 GMT',
340 silly registry.get     server: 'Apache',
340 silly registry.get     via: '1.1 varnish',
340 silly registry.get     'last-modified': 'Fri, 27 Feb 2015 21:25:14 GMT',
340 silly registry.get     'cache-control': 'max-age=60',
340 silly registry.get     etag: '"41JT05NHOHNU346IZTK5D52WW"',
340 silly registry.get     age: '0',
340 silly registry.get     'x-served-by': 'cache-fra1220-FRA',
340 silly registry.get     'x-cache': 'HIT',
340 silly registry.get     'x-cache-hits': '1',
340 silly registry.get     'x-timer': 'S1425072313.983856,VS0,VE423',
340 silly registry.get     vary: 'Accept',
340 silly registry.get     'content-length': '0',
340 silly registry.get     'keep-alive': 'timeout=10, max=50',
340 silly registry.get     connection: 'Keep-Alive' } ]
341 verbose etag https://registry.npmjs.org/json-loader from cache
342 silly addNameRange number 2 { name: 'json-loader', range: '*', hasData: true }
343 silly addNameRange versions [ 'json-loader',
343 silly addNameRange   [ '0.1.0',
343 silly addNameRange     '0.1.1',
343 silly addNameRange     '0.1.2',
343 silly addNameRange     '0.1.3',
343 silly addNameRange     '0.1.4',
343 silly addNameRange     '0.1.5',
343 silly addNameRange     '0.1.6',
343 silly addNameRange     '0.1.7',
343 silly addNameRange     '0.1.8',
343 silly addNameRange     '0.2.0',
343 silly addNameRange     '0.5.0',
343 silly addNameRange     '0.5.1' ] ]
344 verbose addNamed [ 'json-loader', '0.5.1' ]
345 verbose addNamed [ '0.5.1', '0.5.1' ]
346 silly lockFile 1d69539f-json-loader-0-5-1 json-loader@0.5.1
347 verbose lock json-loader@0.5.1 /home/faradey/.npm/1d69539f-json-loader-0-5-1.lock
348 silly lockFile 1d69539f-json-loader-0-5-1 json-loader@0.5.1
349 silly lockFile 1d69539f-json-loader-0-5-1 json-loader@0.5.1
350 silly lockFile 01717976-json-loader json-loader@*
351 silly lockFile 01717976-json-loader json-loader@*
352 http 200 https://registry.npmjs.org/jquery
353 silly registry.get cb [ 200,
353 silly registry.get   { date: 'Fri, 27 Feb 2015 21:25:14 GMT',
353 silly registry.get     server: 'CouchDB/1.5.0 (Erlang OTP/R16B03)',
353 silly registry.get     etag: '"7MAP8XDU48KXPD1YQN6PHLYTV"',
353 silly registry.get     'content-type': 'application/json',
353 silly registry.get     'cache-control': 'max-age=60',
353 silly registry.get     'content-length': '53003',
353 silly registry.get     'accept-ranges': 'bytes',
353 silly registry.get     via: '1.1 varnish',
353 silly registry.get     age: '0',
353 silly registry.get     'x-served-by': 'cache-ams4140-AMS',
353 silly registry.get     'x-cache': 'HIT',
353 silly registry.get     'x-cache-hits': '1',
353 silly registry.get     'x-timer': 'S1425072314.013221,VS0,VE330',
353 silly registry.get     vary: 'Accept',
353 silly registry.get     'keep-alive': 'timeout=10, max=50',
353 silly registry.get     connection: 'Keep-Alive' } ]
354 silly addNameRange number 2 { name: 'jquery', range: '*', hasData: true }
355 silly addNameRange versions [ 'jquery',
355 silly addNameRange   [ '1.5.1',
355 silly addNameRange     '1.6.2',
355 silly addNameRange     '1.6.3',
355 silly addNameRange     '1.7.2',
355 silly addNameRange     '1.7.3',
355 silly addNameRange     '1.8.2',
355 silly addNameRange     '1.8.3',
355 silly addNameRange     '2.1.0-beta2',
355 silly addNameRange     '2.1.0-beta3',
355 silly addNameRange     '1.11.0-beta3',
355 silly addNameRange     '1.11.0-rc1',
355 silly addNameRange     '2.1.0-rc1',
355 silly addNameRange     '1.11.0',
355 silly addNameRange     '2.1.0',
355 silly addNameRange     '2.1.1-beta1',
355 silly addNameRange     '1.11.1-beta1',
355 silly addNameRange     '2.1.1-rc1',
355 silly addNameRange     '1.11.1-rc1',
355 silly addNameRange     '2.1.1-rc2',
355 silly addNameRange     '1.11.1-rc2',
355 silly addNameRange     '2.1.1',
355 silly addNameRange     '1.11.1',
355 silly addNameRange     '1.9.1',
355 silly addNameRange     '2.1.2',
355 silly addNameRange     '1.11.2',
355 silly addNameRange     '2.1.3' ] ]
356 verbose addNamed [ 'jquery', '2.1.3' ]
357 verbose addNamed [ '2.1.3', '2.1.3' ]
358 silly lockFile 6fbd5787-jquery-2-1-3 jquery@2.1.3
359 verbose lock jquery@2.1.3 /home/faradey/.npm/6fbd5787-jquery-2-1-3.lock
360 silly lockFile 6fbd5787-jquery-2-1-3 jquery@2.1.3
361 silly lockFile 6fbd5787-jquery-2-1-3 jquery@2.1.3
362 silly lockFile 940b64bc-jquery jquery@*
363 silly lockFile 940b64bc-jquery jquery@*
364 http 200 https://registry.npmjs.org/bootstrap
365 silly registry.get cb [ 200,
365 silly registry.get   { date: 'Fri, 27 Feb 2015 21:25:14 GMT',
365 silly registry.get     server: 'CouchDB/1.5.0 (Erlang OTP/R16B03)',
365 silly registry.get     etag: '"2X221GNR34OGCO8ZO53GXAQG1"',
365 silly registry.get     'content-type': 'application/json',
365 silly registry.get     'cache-control': 'max-age=60',
365 silly registry.get     'content-length': '20996',
365 silly registry.get     'accept-ranges': 'bytes',
365 silly registry.get     via: '1.1 varnish',
365 silly registry.get     age: '0',
365 silly registry.get     'x-served-by': 'cache-fra1220-FRA',
365 silly registry.get     'x-cache': 'HIT',
365 silly registry.get     'x-cache-hits': '1',
365 silly registry.get     'x-timer': 'S1425072314.178945,VS0,VE383',
365 silly registry.get     vary: 'Accept',
365 silly registry.get     'keep-alive': 'timeout=10, max=49',
365 silly registry.get     connection: 'Keep-Alive' } ]
366 silly addNameRange number 2 { name: 'bootstrap', range: '*', hasData: true }
367 silly addNameRange versions [ 'bootstrap',
367 silly addNameRange   [ '0.0.1', '0.0.2', '3.1.1', '3.2.0', '3.3.0', '3.3.1', '3.3.2' ] ]
368 verbose addNamed [ 'bootstrap', '3.3.2' ]
369 verbose addNamed [ '3.3.2', '3.3.2' ]
370 silly lockFile f16b9f02-bootstrap-3-3-2 bootstrap@3.3.2
371 verbose lock bootstrap@3.3.2 /home/faradey/.npm/f16b9f02-bootstrap-3-3-2.lock
372 silly lockFile f16b9f02-bootstrap-3-3-2 bootstrap@3.3.2
373 silly lockFile f16b9f02-bootstrap-3-3-2 bootstrap@3.3.2
374 silly lockFile e4afd69d-bootstrap bootstrap@*
375 silly lockFile e4afd69d-bootstrap bootstrap@*
376 http 304 https://registry.npmjs.org/css-loader
377 silly registry.get cb [ 304,
377 silly registry.get   { date: 'Fri, 27 Feb 2015 21:25:13 GMT',
377 silly registry.get     server: 'Apache',
377 silly registry.get     via: '1.1 varnish',
377 silly registry.get     'last-modified': 'Fri, 27 Feb 2015 21:25:14 GMT',
377 silly registry.get     'cache-control': 'max-age=60',
377 silly registry.get     etag: '"7POHF9934G1UNXJ8K0796KHQR"',
377 silly registry.get     age: '0',
377 silly registry.get     'x-served-by': 'cache-fra1230-FRA',
377 silly registry.get     'x-cache': 'HIT',
377 silly registry.get     'x-cache-hits': '1',
377 silly registry.get     'x-timer': 'S1425072313.987688,VS0,VE705',
377 silly registry.get     vary: 'Accept',
377 silly registry.get     'content-length': '0',
377 silly registry.get     'keep-alive': 'timeout=10, max=50',
377 silly registry.get     connection: 'Keep-Alive' } ]
378 verbose etag https://registry.npmjs.org/css-loader from cache
379 silly addNameRange number 2 { name: 'css-loader', range: '*', hasData: true }
380 silly addNameRange versions [ 'css-loader',
380 silly addNameRange   [ '0.1.0',
380 silly addNameRange     '0.1.1',
380 silly addNameRange     '0.1.2',
380 silly addNameRange     '0.2.0',
380 silly addNameRange     '0.2.1',
380 silly addNameRange     '0.2.2',
380 silly addNameRange     '0.2.3',
380 silly addNameRange     '0.2.4',
380 silly addNameRange     '0.5.0',
380 silly addNameRange     '0.5.1',
380 silly addNameRange     '0.5.2',
380 silly addNameRange     '0.6.0',
380 silly addNameRange     '0.6.1',
380 silly addNameRange     '0.6.2',
380 silly addNameRange     '0.6.3',
380 silly addNameRange     '0.6.4',
380 silly addNameRange     '0.6.5',
380 silly addNameRange     '0.6.6',
380 silly addNameRange     '0.6.7',
380 silly addNameRange     '0.6.8',
380 silly addNameRange     '0.6.9',
380 silly addNameRange     '0.6.10',
380 silly addNameRange     '0.6.11',
380 silly addNameRange     '0.6.12',
380 silly addNameRange     '0.7.0',
380 silly addNameRange     '0.7.1',
380 silly addNameRange     '0.8.0',
380 silly addNameRange     '0.9.0',
380 silly addNameRange     '0.9.1' ] ]
381 verbose addNamed [ 'css-loader', '0.9.1' ]
382 verbose addNamed [ '0.9.1', '0.9.1' ]
383 silly lockFile 6581eef2-css-loader-0-9-1 css-loader@0.9.1
384 verbose lock css-loader@0.9.1 /home/faradey/.npm/6581eef2-css-loader-0-9-1.lock
385 silly lockFile 6581eef2-css-loader-0-9-1 css-loader@0.9.1
386 silly lockFile 6581eef2-css-loader-0-9-1 css-loader@0.9.1
387 silly lockFile f7a47082-css-loader css-loader@*
388 silly lockFile f7a47082-css-loader css-loader@*
389 http 200 https://registry.npmjs.org/react-hot-loader
390 silly registry.get cb [ 200,
390 silly registry.get   { date: 'Fri, 27 Feb 2015 21:25:14 GMT',
390 silly registry.get     server: 'CouchDB/1.5.0 (Erlang OTP/R16B03)',
390 silly registry.get     etag: '"6TX93Y4KHESZ6L0TFBBU5YBBY"',
390 silly registry.get     'content-type': 'application/json',
390 silly registry.get     'cache-control': 'max-age=60',
390 silly registry.get     'content-length': '54377',
390 silly registry.get     'accept-ranges': 'bytes',
390 silly registry.get     via: '1.1 varnish',
390 silly registry.get     age: '0',
390 silly registry.get     'x-served-by': 'cache-fra1220-FRA',
390 silly registry.get     'x-cache': 'HIT',
390 silly registry.get     'x-cache-hits': '1',
390 silly registry.get     'x-timer': 'S1425072314.612526,VS0,VE101',
390 silly registry.get     vary: 'Accept',
390 silly registry.get     'keep-alive': 'timeout=10, max=48',
390 silly registry.get     connection: 'Keep-Alive' } ]
391 http 200 https://registry.npmjs.org/react-bootstrap
392 silly registry.get cb [ 200,
392 silly registry.get   { date: 'Fri, 27 Feb 2015 21:25:14 GMT',
392 silly registry.get     server: 'CouchDB/1.5.0 (Erlang OTP/R16B03)',
392 silly registry.get     etag: '"BT4RZ72GTAXQNT96O5MDXD5P8"',
392 silly registry.get     'content-type': 'application/json',
392 silly registry.get     'cache-control': 'max-age=60',
392 silly registry.get     'content-length': '40161',
392 silly registry.get     'accept-ranges': 'bytes',
392 silly registry.get     via: '1.1 varnish',
392 silly registry.get     age: '0',
392 silly registry.get     'x-served-by': 'cache-fra1250-FRA',
392 silly registry.get     'x-cache': 'MISS',
392 silly registry.get     'x-cache-hits': '0',
392 silly registry.get     'x-timer': 'S1425072314.183547,VS0,VE523',
392 silly registry.get     vary: 'Accept',
392 silly registry.get     'keep-alive': 'timeout=10, max=49',
392 silly registry.get     connection: 'Keep-Alive' } ]
393 silly addNameRange number 2 { name: 'react-hot-loader', range: '*', hasData: true }
394 silly addNameRange versions [ 'react-hot-loader',
394 silly addNameRange   [ '0.1.0',
394 silly addNameRange     '0.1.2',
394 silly addNameRange     '0.1.3',
394 silly addNameRange     '0.1.4',
394 silly addNameRange     '0.1.5',
394 silly addNameRange     '0.1.6',
394 silly addNameRange     '0.1.7',
394 silly addNameRange     '0.1.8',
394 silly addNameRange     '0.1.9',
394 silly addNameRange     '0.1.10',
394 silly addNameRange     '0.1.11',
394 silly addNameRange     '0.2.0',
394 silly addNameRange     '0.3.0',
394 silly addNameRange     '0.3.1',
394 silly addNameRange     '0.4.0',
394 silly addNameRange     '0.4.1',
394 silly addNameRange     '0.4.2',
394 silly addNameRange     '0.4.3',
394 silly addNameRange     '0.4.4',
394 silly addNameRange     '0.4.5',
394 silly addNameRange     '0.5.0',
394 silly addNameRange     '1.0.0-alpha',
394 silly addNameRange     '1.0.0-alpha.1',
394 silly addNameRange     '1.0.0-alpha.2',
394 silly addNameRange     '1.0.0-alpha.3',
394 silly addNameRange     '1.0.0',
394 silly addNameRange     '1.0.1',
394 silly addNameRange     '1.0.2',
394 silly addNameRange     '1.0.3',
394 silly addNameRange     '1.0.4',
394 silly addNameRange     '1.0.5',
394 silly addNameRange     '1.0.6',
394 silly addNameRange     '1.0.7',
394 silly addNameRange     '1.1.0',
394 silly addNameRange     '1.1.1',
394 silly addNameRange     '1.1.2',
394 silly addNameRange     '1.1.3',
394 silly addNameRange     '1.1.4',
394 silly addNameRange     '1.1.5' ] ]
395 verbose addNamed [ 'react-hot-loader', '1.1.5' ]
396 verbose addNamed [ '1.1.5', '1.1.5' ]
397 silly lockFile 539df488-react-hot-loader-1-1-5 react-hot-loader@1.1.5
398 verbose lock react-hot-loader@1.1.5 /home/faradey/.npm/539df488-react-hot-loader-1-1-5.lock
399 silly addNameRange number 2 { name: 'react-bootstrap', range: '*', hasData: true }
400 silly addNameRange versions [ 'react-bootstrap',
400 silly addNameRange   [ '0.2.0',
400 silly addNameRange     '0.3.0',
400 silly addNameRange     '0.4.0',
400 silly addNameRange     '0.4.2',
400 silly addNameRange     '0.5.0',
400 silly addNameRange     '0.5.1',
400 silly addNameRange     '0.5.2',
400 silly addNameRange     '0.6.2',
400 silly addNameRange     '0.7.0',
400 silly addNameRange     '0.6.0',
400 silly addNameRange     '0.6.1',
400 silly addNameRange     '0.7.1',
400 silly addNameRange     '0.7.2',
400 silly addNameRange     '0.8.0',
400 silly addNameRange     '0.8.1',
400 silly addNameRange     '0.8.2',
400 silly addNameRange     '0.9.0',
400 silly addNameRange     '0.10.0',
400 silly addNameRange     '0.10.1',
400 silly addNameRange     '0.10.2',
400 silly addNameRange     '0.11.0',
400 silly addNameRange     '0.11.1',
400 silly addNameRange     '0.12.0',
400 silly addNameRange     '0.13.0',
400 silly addNameRange     '0.13.1',
400 silly addNameRange     '0.13.2',
400 silly addNameRange     '0.13.3',
400 silly addNameRange     '0.14.0',
400 silly addNameRange     '0.14.1',
400 silly addNameRange     '0.15.0',
400 silly addNameRange     '0.15.1',
400 silly addNameRange     '0.16.0' ] ]
401 verbose addNamed [ 'react-bootstrap', '0.16.0' ]
402 verbose addNamed [ '0.16.0', '0.16.0' ]
403 silly lockFile 6e7fd202-react-bootstrap-0-16-0 react-bootstrap@0.16.0
404 verbose lock react-bootstrap@0.16.0 /home/faradey/.npm/6e7fd202-react-bootstrap-0-16-0.lock
405 http 304 https://registry.npmjs.org/traceur-loader
406 silly registry.get cb [ 304,
406 silly registry.get   { date: 'Fri, 27 Feb 2015 21:25:14 GMT',
406 silly registry.get     server: 'Apache',
406 silly registry.get     via: '1.1 varnish',
406 silly registry.get     'last-modified': 'Fri, 27 Feb 2015 21:25:14 GMT',
406 silly registry.get     'cache-control': 'max-age=60',
406 silly registry.get     etag: '"QZLX10MW5K75NDSOCNO3ZA74"',
406 silly registry.get     age: '0',
406 silly registry.get     'x-served-by': 'cache-ams4140-AMS',
406 silly registry.get     'x-cache': 'MISS',
406 silly registry.get     'x-cache-hits': '0',
406 silly registry.get     'x-timer': 'S1425072314.533756,VS0,VE312',
406 silly registry.get     vary: 'Accept',
406 silly registry.get     'content-length': '0',
406 silly registry.get     'keep-alive': 'timeout=10, max=49',
406 silly registry.get     connection: 'Keep-Alive' } ]
407 verbose etag https://registry.npmjs.org/traceur-loader from cache
408 silly lockFile d492c102-oader-react-hot-loader-1-1-5-tgz https://registry.npmjs.org/react-hot-loader/-/react-hot-loader-1.1.5.tgz
409 verbose lock https://registry.npmjs.org/react-hot-loader/-/react-hot-loader-1.1.5.tgz /home/faradey/.npm/d492c102-oader-react-hot-loader-1-1-5-tgz.lock
410 verbose addRemoteTarball [ 'https://registry.npmjs.org/react-hot-loader/-/react-hot-loader-1.1.5.tgz',
410 verbose addRemoteTarball   '2ea8521c24a1e51e259bfa33bbe63475092d1169' ]
411 silly addNameRange number 2 { name: 'traceur-loader', range: '*', hasData: true }
412 silly addNameRange versions [ 'traceur-loader',
412 silly addNameRange   [ '0.1.1',
412 silly addNameRange     '0.2.0',
412 silly addNameRange     '0.2.1',
412 silly addNameRange     '0.2.2',
412 silly addNameRange     '0.2.3',
412 silly addNameRange     '0.3.0',
412 silly addNameRange     '0.4.0',
412 silly addNameRange     '0.5.0',
412 silly addNameRange     '0.5.1',
412 silly addNameRange     '0.5.2',
412 silly addNameRange     '0.6.0',
412 silly addNameRange     '0.6.1',
412 silly addNameRange     '0.6.2',
412 silly addNameRange     '0.6.3' ] ]
413 verbose addNamed [ 'traceur-loader', '0.6.3' ]
414 verbose addNamed [ '0.6.3', '0.6.3' ]
415 silly lockFile 49c7b317-traceur-loader-0-6-3 traceur-loader@0.6.3
416 verbose lock traceur-loader@0.6.3 /home/faradey/.npm/49c7b317-traceur-loader-0-6-3.lock
417 silly lockFile 8cce459c-strap-react-bootstrap-0-16-0-tgz https://registry.npmjs.org/react-bootstrap/-/react-bootstrap-0.16.0.tgz
418 verbose lock https://registry.npmjs.org/react-bootstrap/-/react-bootstrap-0.16.0.tgz /home/faradey/.npm/8cce459c-strap-react-bootstrap-0-16-0-tgz.lock
419 verbose addRemoteTarball [ 'https://registry.npmjs.org/react-bootstrap/-/react-bootstrap-0.16.0.tgz',
419 verbose addRemoteTarball   '92b60db149e6ba211428c546505ffb38088cc1bb' ]
420 http 304 https://registry.npmjs.org/style-loader
421 silly registry.get cb [ 304,
421 silly registry.get   { date: 'Fri, 27 Feb 2015 21:25:14 GMT',
421 silly registry.get     server: 'Apache',
421 silly registry.get     via: '1.1 varnish',
421 silly registry.get     'last-modified': 'Fri, 27 Feb 2015 21:25:14 GMT',
421 silly registry.get     'cache-control': 'max-age=60',
421 silly registry.get     etag: '"6GFXBL41MMU2VEAGXVM8610OC"',
421 silly registry.get     age: '0',
421 silly registry.get     'x-served-by': 'cache-fra1220-FRA',
421 silly registry.get     'x-cache': 'HIT',
421 silly registry.get     'x-cache-hits': '1',
421 silly registry.get     'x-timer': 'S1425072314.453168,VS0,VE422',
421 silly registry.get     vary: 'Accept',
421 silly registry.get     'content-length': '0',
421 silly registry.get     'keep-alive': 'timeout=10, max=49',
421 silly registry.get     connection: 'Keep-Alive' } ]
422 verbose etag https://registry.npmjs.org/style-loader from cache
423 silly addNameRange number 2 { name: 'style-loader', range: '*', hasData: true }
424 silly addNameRange versions [ 'style-loader',
424 silly addNameRange   [ '0.1.0',
424 silly addNameRange     '0.1.1',
424 silly addNameRange     '0.1.2',
424 silly addNameRange     '0.1.3',
424 silly addNameRange     '0.2.0',
424 silly addNameRange     '0.2.1',
424 silly addNameRange     '0.5.0',
424 silly addNameRange     '0.5.1',
424 silly addNameRange     '0.5.2',
424 silly addNameRange     '0.6.0',
424 silly addNameRange     '0.6.1',
424 silly addNameRange     '0.6.2',
424 silly addNameRange     '0.6.3',
424 silly addNameRange     '0.6.4',
424 silly addNameRange     '0.6.5',
424 silly addNameRange     '0.7.0',
424 silly addNameRange     '0.7.1',
424 silly addNameRange     '0.8.0',
424 silly addNameRange     '0.8.1',
424 silly addNameRange     '0.8.2',
424 silly addNameRange     '0.8.3' ] ]
425 verbose addNamed [ 'style-loader', '0.8.3' ]
426 verbose addNamed [ '0.8.3', '0.8.3' ]
427 silly lockFile 1c665218-style-loader-0-8-3 style-loader@0.8.3
428 verbose lock style-loader@0.8.3 /home/faradey/.npm/1c665218-style-loader-0-8-3.lock
429 info retry fetch attempt 1 at 23:25:14
430 verbose fetch to= /tmp/npm-5467-RKpuXbYk/registry.npmjs.org/react-hot-loader/-/react-hot-loader-1.1.5.tgz
431 http GET https://registry.npmjs.org/react-hot-loader/-/react-hot-loader-1.1.5.tgz
432 info retry fetch attempt 1 at 23:25:14
433 verbose fetch to= /tmp/npm-5467-RKpuXbYk/registry.npmjs.org/react-bootstrap/-/react-bootstrap-0.16.0.tgz
434 http GET https://registry.npmjs.org/react-bootstrap/-/react-bootstrap-0.16.0.tgz
435 silly lockFile 49c7b317-traceur-loader-0-6-3 traceur-loader@0.6.3
436 silly lockFile 49c7b317-traceur-loader-0-6-3 traceur-loader@0.6.3
437 silly lockFile 70e2f6e7-traceur-loader traceur-loader@*
438 silly lockFile 70e2f6e7-traceur-loader traceur-loader@*
439 silly lockFile 1c665218-style-loader-0-8-3 style-loader@0.8.3
440 silly lockFile 1c665218-style-loader-0-8-3 style-loader@0.8.3
441 silly lockFile ec39a7ec-style-loader style-loader@*
442 silly lockFile ec39a7ec-style-loader style-loader@*
443 http 200 https://registry.npmjs.org/lodash
444 silly registry.get cb [ 200,
444 silly registry.get   { date: 'Fri, 27 Feb 2015 21:25:14 GMT',
444 silly registry.get     server: 'CouchDB/1.5.0 (Erlang OTP/R16B03)',
444 silly registry.get     etag: '"QADPUMNCSDJK7XABE35B3IEJ"',
444 silly registry.get     'content-type': 'application/json',
444 silly registry.get     'cache-control': 'max-age=60',
444 silly registry.get     'content-length': '83724',
444 silly registry.get     'accept-ranges': 'bytes',
444 silly registry.get     via: '1.1 varnish',
444 silly registry.get     age: '30',
444 silly registry.get     'x-served-by': 'cache-fra1250-FRA',
444 silly registry.get     'x-cache': 'HIT',
444 silly registry.get     'x-cache-hits': '1',
444 silly registry.get     'x-timer': 'S1425072314.881544,VS0,VE0',
444 silly registry.get     vary: 'Accept',
444 silly registry.get     'keep-alive': 'timeout=10, max=48',
444 silly registry.get     connection: 'Keep-Alive' } ]
445 silly addNameRange number 2 { name: 'lodash', range: '*', hasData: true }
446 silly addNameRange versions [ 'lodash',
446 silly addNameRange   [ '0.1.0',
446 silly addNameRange     '0.2.0',
446 silly addNameRange     '0.2.1',
446 silly addNameRange     '0.2.2',
446 silly addNameRange     '0.3.0',
446 silly addNameRange     '0.3.1',
446 silly addNameRange     '0.3.2',
446 silly addNameRange     '0.4.0',
446 silly addNameRange     '0.4.1',
446 silly addNameRange     '0.4.2',
446 silly addNameRange     '0.5.0-rc.1',
446 silly addNameRange     '0.5.0',
446 silly addNameRange     '0.5.1',
446 silly addNameRange     '0.5.2',
446 silly addNameRange     '0.6.0',
446 silly addNameRange     '0.6.1',
446 silly addNameRange     '0.7.0',
446 silly addNameRange     '0.8.0',
446 silly addNameRange     '0.8.1',
446 silly addNameRange     '0.8.2',
446 silly addNameRange     '0.9.0',
446 silly addNameRange     '0.9.1',
446 silly addNameRange     '0.9.2',
446 silly addNameRange     '0.10.0',
446 silly addNameRange     '1.0.0-rc.1',
446 silly addNameRange     '1.0.0-rc.2',
446 silly addNameRange     '1.0.0-rc.3',
446 silly addNameRange     '1.0.0',
446 silly addNameRange     '1.0.1',
446 silly addNameRange     '1.1.0',
446 silly addNameRange     '1.1.1',
446 silly addNameRange     '1.2.0',
446 silly addNameRange     '1.2.1',
446 silly addNameRange     '1.3.0',
446 silly addNameRange     '1.3.1',
446 silly addNameRange     '2.0.0',
446 silly addNameRange     '2.1.0',
446 silly addNameRange     '2.2.0',
446 silly addNameRange     '2.2.1',
446 silly addNameRange     '2.3.0',
446 silly addNameRange     '2.4.0',
446 silly addNameRange     '2.4.1',
446 silly addNameRange     '3.0.0',
446 silly addNameRange     '3.0.1',
446 silly addNameRange     '3.1.0',
446 silly addNameRange     '3.2.0',
446 silly addNameRange     '3.3.0',
446 silly addNameRange     '3.3.1' ] ]
447 verbose addNamed [ 'lodash', '3.3.1' ]
448 verbose addNamed [ '3.3.1', '3.3.1' ]
449 silly lockFile df186d14-lodash-3-3-1 lodash@3.3.1
450 verbose lock lodash@3.3.1 /home/faradey/.npm/df186d14-lodash-3-3-1.lock
451 silly lockFile aa1d6b40-pmjs-org-lodash-lodash-3-3-1-tgz https://registry.npmjs.org/lodash/-/lodash-3.3.1.tgz
452 verbose lock https://registry.npmjs.org/lodash/-/lodash-3.3.1.tgz /home/faradey/.npm/aa1d6b40-pmjs-org-lodash-lodash-3-3-1-tgz.lock
453 verbose addRemoteTarball [ 'https://registry.npmjs.org/lodash/-/lodash-3.3.1.tgz',
453 verbose addRemoteTarball   '3b914d4a1bb27efcee076e0dfa58152018e2042e' ]
454 info retry fetch attempt 1 at 23:25:14
455 verbose fetch to= /tmp/npm-5467-RKpuXbYk/registry.npmjs.org/lodash/-/lodash-3.3.1.tgz
456 http GET https://registry.npmjs.org/lodash/-/lodash-3.3.1.tgz
457 http 200 https://registry.npmjs.org/react-hot-loader/-/react-hot-loader-1.1.5.tgz
458 http 200 https://registry.npmjs.org/react-bootstrap/-/react-bootstrap-0.16.0.tgz
459 silly lockFile d492c102-oader-react-hot-loader-1-1-5-tgz https://registry.npmjs.org/react-hot-loader/-/react-hot-loader-1.1.5.tgz
460 silly lockFile d492c102-oader-react-hot-loader-1-1-5-tgz https://registry.npmjs.org/react-hot-loader/-/react-hot-loader-1.1.5.tgz
461 silly lockFile 539df488-react-hot-loader-1-1-5 react-hot-loader@1.1.5
462 silly lockFile 539df488-react-hot-loader-1-1-5 react-hot-loader@1.1.5
463 silly lockFile a48518e8-react-hot-loader react-hot-loader@*
464 silly lockFile a48518e8-react-hot-loader react-hot-loader@*
465 http 304 https://registry.npmjs.org/less-loader
466 silly registry.get cb [ 304,
466 silly registry.get   { date: 'Fri, 27 Feb 2015 21:25:15 GMT',
466 silly registry.get     server: 'Apache',
466 silly registry.get     via: '1.1 varnish',
466 silly registry.get     'last-modified': 'Fri, 27 Feb 2015 21:25:15 GMT',
466 silly registry.get     'cache-control': 'max-age=60',
466 silly registry.get     etag: '"EK6N4RI31NKDL4MWY0FAADTAP"',
466 silly registry.get     age: '0',
466 silly registry.get     'x-served-by': 'cache-fra1250-FRA',
466 silly registry.get     'x-cache': 'MISS',
466 silly registry.get     'x-cache-hits': '0',
466 silly registry.get     'x-timer': 'S1425072315.052395,VS0,VE173',
466 silly registry.get     vary: 'Accept',
466 silly registry.get     'content-length': '0',
466 silly registry.get     'keep-alive': 'timeout=10, max=47',
466 silly registry.get     connection: 'Keep-Alive' } ]
467 verbose etag https://registry.npmjs.org/less-loader from cache
468 silly addNameRange number 2 { name: 'less-loader', range: '*', hasData: true }
469 silly addNameRange versions [ 'less-loader',
469 silly addNameRange   [ '0.1.0',
469 silly addNameRange     '0.1.1',
469 silly addNameRange     '0.1.2',
469 silly addNameRange     '0.1.3',
469 silly addNameRange     '0.2.0',
469 silly addNameRange     '0.2.1',
469 silly addNameRange     '0.2.2',
469 silly addNameRange     '0.5.0',
469 silly addNameRange     '0.5.1',
469 silly addNameRange     '0.6.0',
469 silly addNameRange     '0.6.1',
469 silly addNameRange     '0.6.2',
469 silly addNameRange     '0.7.0',
469 silly addNameRange     '0.7.1',
469 silly addNameRange     '0.7.2',
469 silly addNameRange     '0.7.3',
469 silly addNameRange     '0.7.4',
469 silly addNameRange     '0.7.5',
469 silly addNameRange     '0.7.6',
469 silly addNameRange     '0.7.7',
469 silly addNameRange     '0.7.8',
469 silly addNameRange     '2.0.0' ] ]
470 verbose addNamed [ 'less-loader', '2.0.0' ]
471 verbose addNamed [ '2.0.0', '2.0.0' ]
472 silly lockFile 008d69c4-less-loader-2-0-0 less-loader@2.0.0
473 verbose lock less-loader@2.0.0 /home/faradey/.npm/008d69c4-less-loader-2-0-0.lock
474 silly lockFile 008d69c4-less-loader-2-0-0 less-loader@2.0.0
475 silly lockFile 008d69c4-less-loader-2-0-0 less-loader@2.0.0
476 silly lockFile 8241ea1d-less-loader less-loader@*
477 silly lockFile 8241ea1d-less-loader less-loader@*
478 http 200 https://registry.npmjs.org/lodash/-/lodash-3.3.1.tgz
479 silly lockFile 8cce459c-strap-react-bootstrap-0-16-0-tgz https://registry.npmjs.org/react-bootstrap/-/react-bootstrap-0.16.0.tgz
480 silly lockFile 8cce459c-strap-react-bootstrap-0-16-0-tgz https://registry.npmjs.org/react-bootstrap/-/react-bootstrap-0.16.0.tgz
481 silly lockFile 6e7fd202-react-bootstrap-0-16-0 react-bootstrap@0.16.0
482 silly lockFile 6e7fd202-react-bootstrap-0-16-0 react-bootstrap@0.16.0
483 silly lockFile 050de30a-react-bootstrap react-bootstrap@*
484 silly lockFile 050de30a-react-bootstrap react-bootstrap@*
485 http 200 https://registry.npmjs.org/jshint-loader
486 silly registry.get cb [ 200,
486 silly registry.get   { date: 'Fri, 27 Feb 2015 21:25:15 GMT',
486 silly registry.get     server: 'CouchDB/1.5.0 (Erlang OTP/R16B03)',
486 silly registry.get     etag: '"9141R0VAPJQB6CGH9M306EF3"',
486 silly registry.get     'content-type': 'application/json',
486 silly registry.get     'cache-control': 'max-age=60',
486 silly registry.get     'content-length': '13922',
486 silly registry.get     'accept-ranges': 'bytes',
486 silly registry.get     via: '1.1 varnish',
486 silly registry.get     age: '0',
486 silly registry.get     'x-served-by': 'cache-fra1230-FRA',
486 silly registry.get     'x-cache': 'HIT',
486 silly registry.get     'x-cache-hits': '1',
486 silly registry.get     'x-timer': 'S1425072314.730663,VS0,VE699',
486 silly registry.get     vary: 'Accept',
486 silly registry.get     'keep-alive': 'timeout=10, max=49',
486 silly registry.get     connection: 'Keep-Alive' } ]
487 http 304 https://registry.npmjs.org/url-loader
488 silly registry.get cb [ 304,
488 silly registry.get   { date: 'Fri, 27 Feb 2015 21:25:14 GMT',
488 silly registry.get     server: 'Apache',
488 silly registry.get     via: '1.1 varnish',
488 silly registry.get     'last-modified': 'Fri, 27 Feb 2015 21:25:15 GMT',
488 silly registry.get     'cache-control': 'max-age=60',
488 silly registry.get     etag: '"2J1R13L4T1E8E9246UMSTW4IM"',
488 silly registry.get     age: '0',
488 silly registry.get     'x-served-by': 'cache-ams4140-AMS',
488 silly registry.get     'x-cache': 'MISS',
488 silly registry.get     'x-cache-hits': '0',
488 silly registry.get     'x-timer': 'S1425072314.892072,VS0,VE675',
488 silly registry.get     vary: 'Accept',
488 silly registry.get     'content-length': '0',
488 silly registry.get     'keep-alive': 'timeout=10, max=48',
488 silly registry.get     connection: 'Keep-Alive' } ]
489 verbose etag https://registry.npmjs.org/url-loader from cache
490 silly addNameRange number 2 { name: 'jshint-loader', range: '*', hasData: true }
491 silly addNameRange versions [ 'jshint-loader',
491 silly addNameRange   [ '0.1.0',
491 silly addNameRange     '0.1.1',
491 silly addNameRange     '0.1.2',
491 silly addNameRange     '0.1.3',
491 silly addNameRange     '0.1.4',
491 silly addNameRange     '0.5.0',
491 silly addNameRange     '0.6.0',
491 silly addNameRange     '0.7.0',
491 silly addNameRange     '0.8.0',
491 silly addNameRange     '0.8.1',
491 silly addNameRange     '0.8.2',
491 silly addNameRange     '0.8.3' ] ]
492 verbose addNamed [ 'jshint-loader', '0.8.3' ]
493 verbose addNamed [ '0.8.3', '0.8.3' ]
494 silly lockFile aa43ae2d-jshint-loader-0-8-3 jshint-loader@0.8.3
495 verbose lock jshint-loader@0.8.3 /home/faradey/.npm/aa43ae2d-jshint-loader-0-8-3.lock
496 silly addNameRange number 2 { name: 'url-loader', range: '*', hasData: true }
497 silly addNameRange versions [ 'url-loader',
497 silly addNameRange   [ '0.1.0',
497 silly addNameRange     '0.1.1',
497 silly addNameRange     '0.1.2',
497 silly addNameRange     '0.1.3',
497 silly addNameRange     '0.5.0',
497 silly addNameRange     '0.5.1',
497 silly addNameRange     '0.5.2',
497 silly addNameRange     '0.5.3',
497 silly addNameRange     '0.5.4',
497 silly addNameRange     '0.5.5' ] ]
498 verbose addNamed [ 'url-loader', '0.5.5' ]
499 verbose addNamed [ '0.5.5', '0.5.5' ]
500 silly lockFile 94395c5c-url-loader-0-5-5 url-loader@0.5.5
501 verbose lock url-loader@0.5.5 /home/faradey/.npm/94395c5c-url-loader-0-5-5.lock
502 http 200 https://registry.npmjs.org/jsx-loader
503 silly registry.get cb [ 200,
503 silly registry.get   { date: 'Fri, 27 Feb 2015 21:25:15 GMT',
503 silly registry.get     server: 'CouchDB/1.5.0 (Erlang OTP/R16B03)',
503 silly registry.get     etag: '"EVWPQO77DZIILPL55HU08HSG5"',
503 silly registry.get     'content-type': 'application/json',
503 silly registry.get     'cache-control': 'max-age=60',
503 silly registry.get     'content-length': '9431',
503 silly registry.get     'accept-ranges': 'bytes',
503 silly registry.get     via: '1.1 varnish',
503 silly registry.get     age: '0',
503 silly registry.get     'x-served-by': 'cache-fra1220-FRA',
503 silly registry.get     'x-cache': 'HIT',
503 silly registry.get     'x-cache-hits': '1',
503 silly registry.get     'x-timer': 'S1425072314.881325,VS0,VE714',
503 silly registry.get     vary: 'Accept',
503 silly registry.get     'keep-alive': 'timeout=10, max=47',
503 silly registry.get     connection: 'Keep-Alive' } ]
504 silly addNameRange number 2 { name: 'jsx-loader', range: '*', hasData: true }
505 silly addNameRange versions [ 'jsx-loader',
505 silly addNameRange   [ '0.0.0',
505 silly addNameRange     '0.9.0',
505 silly addNameRange     '0.10.0',
505 silly addNameRange     '0.10.1',
505 silly addNameRange     '0.10.2',
505 silly addNameRange     '0.11.0',
505 silly addNameRange     '0.11.2',
505 silly addNameRange     '0.12.0',
505 silly addNameRange     '0.12.1',
505 silly addNameRange     '0.12.2' ] ]
506 verbose addNamed [ 'jsx-loader', '0.12.2' ]
507 verbose addNamed [ '0.12.2', '0.12.2' ]
508 silly lockFile f7a30264-jsx-loader-0-12-2 jsx-loader@0.12.2
509 verbose lock jsx-loader@0.12.2 /home/faradey/.npm/f7a30264-jsx-loader-0-12-2.lock
510 silly lockFile 64e57f5e-t-loader-jshint-loader-0-8-3-tgz https://registry.npmjs.org/jshint-loader/-/jshint-loader-0.8.3.tgz
511 verbose lock https://registry.npmjs.org/jshint-loader/-/jshint-loader-0.8.3.tgz /home/faradey/.npm/64e57f5e-t-loader-jshint-loader-0-8-3-tgz.lock
512 verbose addRemoteTarball [ 'https://registry.npmjs.org/jshint-loader/-/jshint-loader-0.8.3.tgz',
512 verbose addRemoteTarball   '6a16ce887e4d2f1bafbde0575e3c10f7bd2e694b' ]
513 info retry fetch attempt 1 at 23:25:15
514 verbose fetch to= /tmp/npm-5467-RKpuXbYk/registry.npmjs.org/jshint-loader/-/jshint-loader-0.8.3.tgz
515 http GET https://registry.npmjs.org/jshint-loader/-/jshint-loader-0.8.3.tgz
516 silly lockFile 94395c5c-url-loader-0-5-5 url-loader@0.5.5
517 silly lockFile 94395c5c-url-loader-0-5-5 url-loader@0.5.5
518 silly lockFile b34da0cb-url-loader url-loader@*
519 silly lockFile b34da0cb-url-loader url-loader@*
520 silly lockFile f7a30264-jsx-loader-0-12-2 jsx-loader@0.12.2
521 silly lockFile f7a30264-jsx-loader-0-12-2 jsx-loader@0.12.2
522 silly lockFile 82363f6f-jsx-loader jsx-loader@*
523 silly lockFile 82363f6f-jsx-loader jsx-loader@*
524 silly lockFile aa1d6b40-pmjs-org-lodash-lodash-3-3-1-tgz https://registry.npmjs.org/lodash/-/lodash-3.3.1.tgz
525 silly lockFile aa1d6b40-pmjs-org-lodash-lodash-3-3-1-tgz https://registry.npmjs.org/lodash/-/lodash-3.3.1.tgz
526 silly lockFile df186d14-lodash-3-3-1 lodash@3.3.1
527 silly lockFile df186d14-lodash-3-3-1 lodash@3.3.1
528 silly lockFile 15f92fc8-lodash lodash@*
529 silly lockFile 15f92fc8-lodash lodash@*
530 http 200 https://registry.npmjs.org/jshint-loader/-/jshint-loader-0.8.3.tgz
531 silly lockFile 64e57f5e-t-loader-jshint-loader-0-8-3-tgz https://registry.npmjs.org/jshint-loader/-/jshint-loader-0.8.3.tgz
532 silly lockFile 64e57f5e-t-loader-jshint-loader-0-8-3-tgz https://registry.npmjs.org/jshint-loader/-/jshint-loader-0.8.3.tgz
533 silly lockFile aa43ae2d-jshint-loader-0-8-3 jshint-loader@0.8.3
534 silly lockFile aa43ae2d-jshint-loader-0-8-3 jshint-loader@0.8.3
535 silly lockFile be917aa1-jshint-loader jshint-loader@*
536 silly lockFile be917aa1-jshint-loader jshint-loader@*
537 http 200 https://registry.npmjs.org/webpack
538 silly registry.get cb [ 200,
538 silly registry.get   { date: 'Fri, 27 Feb 2015 21:25:15 GMT',
538 silly registry.get     server: 'CouchDB/1.5.0 (Erlang OTP/R16B03)',
538 silly registry.get     etag: '"6NM6AQC06WX5Y1ZCGRL0T7A1F"',
538 silly registry.get     'content-type': 'application/json',
538 silly registry.get     'cache-control': 'max-age=60',
538 silly registry.get     'content-length': '584316',
538 silly registry.get     'accept-ranges': 'bytes',
538 silly registry.get     via: '1.1 varnish',
538 silly registry.get     age: '0',
538 silly registry.get     'x-served-by': 'cache-fra1220-FRA',
538 silly registry.get     'x-cache': 'HIT',
538 silly registry.get     'x-cache-hits': '1',
538 silly registry.get     'x-timer': 'S1425072314.930543,VS0,VE730',
538 silly registry.get     vary: 'Accept',
538 silly registry.get     'keep-alive': 'timeout=10, max=48',
538 silly registry.get     connection: 'Keep-Alive' } ]
539 silly addNameRange number 2 { name: 'webpack', range: '*', hasData: true }
540 silly addNameRange versions [ 'webpack',
540 silly addNameRange   [ '0.1.0',
540 silly addNameRange     '0.1.1',
540 silly addNameRange     '0.1.2',
540 silly addNameRange     '0.1.3',
540 silly addNameRange     '0.1.4',
540 silly addNameRange     '0.1.5',
540 silly addNameRange     '0.1.6',
540 silly addNameRange     '0.2.0',
540 silly addNameRange     '0.2.1',
540 silly addNameRange     '0.2.2',
540 silly addNameRange     '0.2.3',
540 silly addNameRange     '0.2.4',
540 silly addNameRange     '0.2.6',
540 silly addNameRange     '0.2.7',
540 silly addNameRange     '0.2.8',
540 silly addNameRange     '0.3.0',
540 silly addNameRange     '0.3.1',
540 silly addNameRange     '0.3.2',
540 silly addNameRange     '0.3.3',
540 silly addNameRange     '0.3.4',
540 silly addNameRange     '0.3.6',
540 silly addNameRange     '0.3.7',
540 silly addNameRange     '0.3.8',
540 silly addNameRange     '0.3.9',
540 silly addNameRange     '0.3.10',
540 silly addNameRange     '0.3.11',
540 silly addNameRange     '0.3.12',
540 silly addNameRange     '0.3.13',
540 silly addNameRange     '0.3.14',
540 silly addNameRange     '0.3.15',
540 silly addNameRange     '0.3.16',
540 silly addNameRange     '0.3.17',
540 silly addNameRange     '0.3.18',
540 silly addNameRange     '0.3.19',
540 silly addNameRange     '0.3.20',
540 silly addNameRange     '0.4.0',
540 silly addNameRange     '0.4.1',
540 silly addNameRange     '0.4.2',
540 silly addNameRange     '0.4.3',
540 silly addNameRange     '0.4.4',
540 silly addNameRange     '0.4.5',
540 silly addNameRange     '0.4.6',
540 silly addNameRange     '0.4.7',
540 silly addNameRange     '0.4.8',
540 silly addNameRange     '0.4.9',
540 silly addNameRange     '0.4.10',
540 silly addNameRange     '0.4.11',
540 silly addNameRange     '0.4.12',
540 silly addNameRange     '0.4.13',
540 silly addNameRange     '0.4.14',
540 silly addNameRange     '0.4.15',
540 silly addNameRange     '0.4.16',
540 silly addNameRange     '0.4.17',
540 silly addNameRange     '0.4.18',
540 silly addNameRange     '0.4.19',
540 silly addNameRange     '0.4.20',
540 silly addNameRange     '0.4.21',
540 silly addNameRange     '0.4.23',
540 silly addNameRange     '0.4.24',
540 silly addNameRange     '0.4.25',
540 silly addNameRange     '0.5.0',
540 silly addNameRange     '0.5.1',
540 silly addNameRange     '0.5.2',
540 silly addNameRange     '0.5.3',
540 silly addNameRange     '0.5.4',
540 silly addNameRange     '0.5.5',
540 silly addNameRange     '0.5.6',
540 silly addNameRange     '0.5.7',
540 silly addNameRange     '0.5.8',
540 silly addNameRange     '0.5.10',
540 silly addNameRange     '0.6.0',
540 silly addNameRange     '0.6.1',
540 silly addNameRange     '0.6.2',
540 silly addNameRange     '0.7.0-beta',
540 silly addNameRange     '0.7.0-beta2',
540 silly addNameRange     '0.7.0-beta3',
540 silly addNameRange     '0.7.0-beta4',
540 silly addNameRange     '0.7.0-beta5',
540 silly addNameRange     '0.7.0-beta6',
540 silly addNameRange     '0.7.0-beta7',
540 silly addNameRange     '0.7.0-beta8',
540 silly addNameRange     '0.7.0',
540 silly addNameRange     '0.7.1',
540 silly addNameRange     '0.7.2',
540 silly addNameRange     '0.7.3',
540 silly addNameRange     '0.7.4',
540 silly addNameRange     '0.7.5',
540 silly addNameRange     '0.7.6',
540 silly addNameRange     '0.7.7',
540 silly addNameRange     '0.7.8',
540 silly addNameRange     '0.7.9',
540 silly addNameRange     '0.7.11',
540 silly addNameRange     '0.7.12',
540 silly addNameRange     '0.7.13',
540 silly addNameRange     '0.7.14',
540 silly addNameRange     '0.7.15',
540 silly addNameRange     '0.7.16',
540 silly addNameRange     '0.7.17',
540 silly addNameRange     '0.8.0-beta1',
540 silly addNameRange     '0.8.0-beta2',
540 silly addNameRange     '0.8.0-beta3',
540 silly addNameRange     '0.8.0-beta4',
540 silly addNameRange     '0.8.0',
540 silly addNameRange     '0.8.2',
540 silly addNameRange     '0.8.3',
540 silly addNameRange     '0.9.0-beta1',
540 silly addNameRange     '0.9.0-beta2',
540 silly addNameRange     '0.9.0-beta4',
540 silly addNameRange     '0.9.0-beta5',
540 silly addNameRange     '0.9.0-beta6',
540 silly addNameRange     '0.9.0-beta7',
540 silly addNameRange     '0.9.0-beta8',
540 silly addNameRange     '0.9.0-beta9',
540 silly addNameRange     '0.9.0-beta10',
540 silly addNameRange     '0.9.0-beta11',
540 silly addNameRange     '0.9.0-beta12',
540 silly addNameRange     '0.9.0-beta13',
540 silly addNameRange     '0.9.0-beta14',
540 silly addNameRange     '0.9.0-beta15',
540 silly addNameRange     '0.9.0-beta16',
540 silly addNameRange     '0.9.0-beta17',
540 silly addNameRange     '0.9.0-beta18',
540 silly addNameRange     '0.9.0-beta19',
540 silly addNameRange     '0.9.0-beta20',
540 silly addNameRange     '0.9.0-beta21',
540 silly addNameRange     '0.9.0-beta22',
540 silly addNameRange     '0.9.0-beta23',
540 silly addNameRange     '0.9.0-beta24',
540 silly addNameRange     '0.9.0-beta25',
540 silly addNameRange     '0.9.0-beta26',
540 silly addNameRange     '0.9.0-beta27',
540 silly addNameRange     '0.9.0-beta28',
540 silly addNameRange     '0.9.0-beta29',
540 silly addNameRange     '0.9.0-beta30',
540 silly addNameRange     '0.9.0-beta31',
540 silly addNameRange     '0.9.0-beta32',
540 silly addNameRange     '0.9.0-beta33',
540 silly addNameRange     '0.9.0-beta34',
540 silly addNameRange     '0.9.0-beta35',
540 silly addNameRange     '0.9.0-beta36',
540 silly addNameRange     '0.9.0-beta37',
540 silly addNameRange     '0.9.0-beta38',
540 silly addNameRange     '0.9.0',
540 silly addNameRange     '0.9.1',
540 silly addNameRange     '0.9.2',
540 silly addNameRange     '0.9.3',
540 silly addNameRange     '0.10.0-beta2',
540 silly addNameRange     '0.10.0-beta3',
540 silly addNameRange     '0.10.0-beta5',
540 silly addNameRange     '0.10.0-beta6',
540 silly addNameRange     '0.10.0-beta7',
540 silly addNameRange     '0.10.0-beta8',
540 silly addNameRange     '0.10.0-beta9',
540 silly addNameRange     '0.10.0-beta10',
540 silly addNameRange     '0.10.0-beta11',
540 silly addNameRange     '0.10.0-beta12',
540 silly addNameRange     '0.10.0-beta13',
540 silly addNameRange     '0.10.0-beta14',
540 silly addNameRange     '0.10.0-beta15',
540 silly addNameRange     '0.10.0-beta16',
540 silly addNameRange     '0.10.0-beta17',
540 silly addNameRange     '0.10.0-beta18',
540 silly addNameRange     '0.10.0-beta19',
540 silly addNameRange     '0.10.0-beta20',
540 silly addNameRange     '0.10.0-beta21',
540 silly addNameRange     '0.10.0-beta22',
540 silly addNameRange     '0.10.0-beta23',
540 silly addNameRange     '0.10.0-beta24',
540 silly addNameRange     '0.10.0-beta25',
540 silly addNameRange     '0.10.0',
540 silly addNameRange     '0.11.0-beta1',
540 silly addNameRange     '0.11.0-beta2',
540 silly addNameRange     '0.11.0-beta3',
540 silly addNameRange     '0.11.0-beta4',
540 silly addNameRange     '0.11.0-beta5',
540 silly addNameRange     '0.11.0-beta6',
540 silly addNameRange     '0.11.0-beta7',
540 silly addNameRange     '0.11.0-beta8',
540 silly addNameRange     '0.11.0-beta9',
540 silly addNameRange     '0.11.0-beta10',
540 silly addNameRange     '0.11.0-beta11',
540 silly addNameRange     '0.11.0-beta12',
540 silly addNameRange     '0.11.0-beta13',
540 silly addNameRange     '0.11.0-beta14',
540 silly addNameRange     '0.11.0-beta15',
540 silly addNameRange     '0.11.0-beta16',
540 silly addNameRange     '0.11.0-beta17',
540 silly addNameRange     '0.11.0-beta18',
540 silly addNameRange     '0.11.0-beta19',
540 silly addNameRange     '0.11.0-beta20',
540 silly addNameRange     '0.11.0-beta21',
540 silly addNameRange     '0.11.0-beta22',
540 silly addNameRange     '0.11.0-beta23',
540 silly addNameRange     '0.11.0-beta24',
540 silly addNameRange     '0.11.0-beta25',
540 silly addNameRange     '0.11.0-beta26',
540 silly addNameRange     '0.11.0-beta27',
540 silly addNameRange     '0.11.0-beta28',
540 silly addNameRange     '0.11.0-beta29',
540 silly addNameRange     '0.11.0',
540 silly addNameRange     '0.11.1',
540 silly addNameRange     '0.11.2',
540 silly addNameRange     '0.11.3',
540 silly addNameRange     '0.11.4',
540 silly addNameRange     '0.11.5',
540 silly addNameRange     '0.11.6',
540 silly addNameRange     '0.11.7',
540 silly addNameRange     '0.11.8',
540 silly addNameRange     '0.11.9',
540 silly addNameRange     '0.11.10',
540 silly addNameRange     '0.11.11',
540 silly addNameRange     '0.11.12',
540 silly addNameRange     '0.11.13',
540 silly addNameRange     '0.11.14',
540 silly addNameRange     '0.11.15',
540 silly addNameRange     '1.0.0-beta1',
540 silly addNameRange     '1.0.0-beta2',
540 silly addNameRange     '1.0.0-beta3',
540 silly addNameRange     '1.0.0-beta4',
540 silly addNameRange     '0.11.16',
540 silly addNameRange     '0.11.17',
540 silly addNameRange     '0.11.18',
540 silly addNameRange     '1.0.0-beta5',
540 silly addNameRange     '1.0.0-beta6',
540 silly addNameRange     '1.0.0-beta7',
540 silly addNameRange     '1.0.0-beta8',
540 silly addNameRange     '1.0.0-beta9',
540 silly addNameRange     '1.0.0-rc1',
540 silly addNameRange     '1.0.0-rc2',
540 silly addNameRange     '1.0.0-rc3',
540 silly addNameRange     '1.0.0-rc4',
540 silly addNameRange     '1.0.0-rc5',
540 silly addNameRange     '1.0.0-rc7',
540 silly addNameRange     '1.0.0-rc8',
540 silly addNameRange     '1.0.0-rc9',
540 silly addNameRange     '1.0.0-rc11',
540 silly addNameRange     '1.0.0-rc12',
540 silly addNameRange     '1.0.0',
540 silly addNameRange     '1.0.1',
540 silly addNameRange     '1.0.3',
540 silly addNameRange     '1.0.4',
540 silly addNameRange     '1.0.5',
540 silly addNameRange     '1.1.0-beta1',
540 silly addNameRange     '1.1.0-beta2',
540 silly addNameRange     '1.1.0-beta3',
540 silly addNameRange     '1.1.0-beta4',
540 silly addNameRange     '1.1.0-beta5',
540 silly addNameRange     '1.1.0-beta6',
540 silly addNameRange     '1.1.0-beta7',
540 silly addNameRange     '1.1.0-beta8',
540 silly addNameRange     '1.1.0-beta9',
540 silly addNameRange     '1.1.0-beta10',
540 silly addNameRange     '1.1.0-beta12',
540 silly addNameRange     '1.1.0',
540 silly addNameRange     '1.1.1',
540 silly addNameRange     '1.1.2',
540 silly addNameRange     '1.1.3',
540 silly addNameRange     '1.1.4',
540 silly addNameRange     '1.1.5',
540 silly addNameRange     '1.1.6',
540 silly addNameRange     '1.1.7',
540 silly addNameRange     '1.1.8',
540 silly addNameRange     '1.1.9',
540 silly addNameRange     '1.1.10',
540 silly addNameRange     '1.1.11',
540 silly addNameRange     '1.2.0-beta1',
540 silly addNameRange     '1.2.0-beta2',
540 silly addNameRange     '1.2.0-beta4',
540 silly addNameRange     '1.2.0-beta5',
540 silly addNameRange     '1.2.0-beta6',
540 silly addNameRange     '1.3.0-beta1',
540 silly addNameRange     '1.3.0-beta2',
540 silly addNameRange     '1.3.0-beta3',
540 silly addNameRange     '1.3.0-beta4',
540 silly addNameRange     '1.3.0-beta5',
540 silly addNameRange     '1.3.0-beta6',
540 silly addNameRange     '1.3.0-beta7',
540 silly addNameRange     '1.3.0-beta8',
540 silly addNameRange     '1.3.0-beta9',
540 silly addNameRange     '1.3.1-beta1',
540 silly addNameRange     '1.3.1-beta2',
540 silly addNameRange     '1.3.1-beta3',
540 silly addNameRange     '1.3.1-beta4',
540 silly addNameRange     '1.3.1-beta5',
540 silly addNameRange     '1.3.1-beta6',
540 silly addNameRange     '1.3.1-beta7',
540 silly addNameRange     '1.3.1-beta8',
540 silly addNameRange     '1.3.1-beta9',
540 silly addNameRange     '1.3.2-beta1',
540 silly addNameRange     '1.3.2-beta2',
540 silly addNameRange     '1.3.2-beta3',
540 silly addNameRange     '1.3.2-beta4',
540 silly addNameRange     '1.3.2-beta5',
540 silly addNameRange     '1.3.2-beta6',
540 silly addNameRange     '1.3.2-beta7',
540 silly addNameRange     '1.3.2-beta8',
540 silly addNameRange     '1.3.2-beta9',
540 silly addNameRange     '1.3.3-beta1',
540 silly addNameRange     '1.3.3-beta2',
540 silly addNameRange     '1.3.4',
540 silly addNameRange     '1.3.5',
540 silly addNameRange     '1.3.6',
540 silly addNameRange     '1.3.7',
540 silly addNameRange     '1.4.0-beta1',
540 silly addNameRange     '1.4.0-beta2',
540 silly addNameRange     '1.4.0-beta3',
540 silly addNameRange     '1.4.0-beta4',
540 silly addNameRange     '1.4.0-beta5',
540 silly addNameRange     '1.4.0-beta6',
540 silly addNameRange     '1.4.0-beta7',
540 silly addNameRange     '1.4.0-beta8',
540 silly addNameRange     '1.4.0-beta9',
540 silly addNameRange     '1.4.0-beta10',
540 silly addNameRange     '1.4.1-beta1',
540 silly addNameRange     '1.4.2',
540 silly addNameRange     '1.4.3',
540 silly addNameRange     '1.4.4',
540 silly addNameRange     '1.4.5',
540 silly addNameRange     '1.4.6',
540 silly addNameRange     '1.4.7',
540 silly addNameRange     '1.4.8',
540 silly addNameRange     '1.4.9',
540 silly addNameRange     '1.4.10',
540 silly addNameRange     '1.4.11',
540 silly addNameRange     '1.4.12',
540 silly addNameRange     '1.4.13',
540 silly addNameRange     '1.4.14',
540 silly addNameRange     '1.4.15',
540 silly addNameRange     '1.5.0',
540 silly addNameRange     '1.5.1',
540 silly addNameRange     '1.5.2',
540 silly addNameRange     '1.5.3',
540 silly addNameRange     '1.6.0' ] ]
541 verbose addNamed [ 'webpack', '1.6.0' ]
542 verbose addNamed [ '1.6.0', '1.6.0' ]
543 silly lockFile c52ff5fb-webpack-1-6-0 webpack@1.6.0
544 verbose lock webpack@1.6.0 /home/faradey/.npm/c52ff5fb-webpack-1-6-0.lock
545 silly lockFile 3c1abdfd-js-org-webpack-webpack-1-6-0-tgz https://registry.npmjs.org/webpack/-/webpack-1.6.0.tgz
546 verbose lock https://registry.npmjs.org/webpack/-/webpack-1.6.0.tgz /home/faradey/.npm/3c1abdfd-js-org-webpack-webpack-1-6-0-tgz.lock
547 verbose addRemoteTarball [ 'https://registry.npmjs.org/webpack/-/webpack-1.6.0.tgz',
547 verbose addRemoteTarball   'c434d4e0e3aa47a2722ddda4ed9330168c33a161' ]
548 info retry fetch attempt 1 at 23:25:16
549 verbose fetch to= /tmp/npm-5467-RKpuXbYk/registry.npmjs.org/webpack/-/webpack-1.6.0.tgz
550 http GET https://registry.npmjs.org/webpack/-/webpack-1.6.0.tgz
551 http 200 https://registry.npmjs.org/webpack/-/webpack-1.6.0.tgz
552 silly lockFile 3c1abdfd-js-org-webpack-webpack-1-6-0-tgz https://registry.npmjs.org/webpack/-/webpack-1.6.0.tgz
553 silly lockFile 3c1abdfd-js-org-webpack-webpack-1-6-0-tgz https://registry.npmjs.org/webpack/-/webpack-1.6.0.tgz
554 silly lockFile c52ff5fb-webpack-1-6-0 webpack@1.6.0
555 silly lockFile c52ff5fb-webpack-1-6-0 webpack@1.6.0
556 silly lockFile 75967bf4-webpack webpack@*
557 silly lockFile 75967bf4-webpack webpack@*
558 error Error: EACCES, mkdir '/home/faradey/.npm/react-hot-loader/1.1.5'
558 error  { [Error: EACCES, mkdir '/home/faradey/.npm/react-hot-loader/1.1.5']
558 error   errno: 3,
558 error   code: 'EACCES',
558 error   path: '/home/faradey/.npm/react-hot-loader/1.1.5',
558 error   parent: 'SimplexMobile' }
559 error Please try running this command again as root/Administrator.
560 error System Linux 3.16.0-29-generic
561 error command "/usr/bin/node" "/usr/bin/npm" "install"
562 error cwd /home/faradey/SimplexMobile
563 error node -v v0.10.33
564 error npm -v 1.4.28
565 error path /home/faradey/.npm/react-hot-loader/1.1.5
566 error code EACCES
567 error errno 3
568 error stack Error: EACCES, mkdir '/home/faradey/.npm/react-hot-loader/1.1.5'
569 verbose exit [ 3, true ]
